{"D:\\Users\\naruechatbu\\Work\\__Personal__\\DashboardGpilot\\Frontend\\src\\shared\\api\\api-error.ts": {"path":"D:\\Users\\naruechatbu\\Work\\__Personal__\\DashboardGpilot\\Frontend\\src\\shared\\api\\api-error.ts","statementMap":{"0":{"start":{"line":6,"column":4},"end":{"line":6,"column":null}},"1":{"start":{"line":7,"column":4},"end":{"line":7,"column":null}},"2":{"start":{"line":8,"column":4},"end":{"line":8,"column":null}},"3":{"start":{"line":9,"column":4},"end":{"line":9,"column":null}},"4":{"start":{"line":12,"column":4},"end":{"line":12,"column":null}}},"fnMap":{"0":{"name":"(anonymous_0)","decl":{"start":{"line":5,"column":2},"end":{"line":5,"column":14}},"loc":{"start":{"line":5,"column":72},"end":{"line":12,"column":null}},"line":5}},"branchMap":{"0":{"loc":{"start":{"line":5,"column":31},"end":{"line":5,"column":57}},"type":"default-arg","locations":[{"start":{"line":5,"column":52},"end":{"line":5,"column":57}}],"line":5}},"s":{"0":0,"1":0,"2":0,"3":0,"4":0},"f":{"0":0},"b":{"0":[0]},"meta":{"lastBranch":1,"lastFunction":1,"lastStatement":5,"seen":{"f:5:2:5:14":0,"b:5:52:5:57":0,"s:6:4:6:Infinity":0,"s:7:4:7:Infinity":1,"s:8:4:8:Infinity":2,"s:9:4:9:Infinity":3,"s:12:4:12:Infinity":4}}}
,"D:\\Users\\naruechatbu\\Work\\__Personal__\\DashboardGpilot\\Frontend\\src\\shared\\api\\endpoint.ts": {"path":"D:\\Users\\naruechatbu\\Work\\__Personal__\\DashboardGpilot\\Frontend\\src\\shared\\api\\endpoint.ts","statementMap":{"0":{"start":{"line":4,"column":32},"end":{"line":4,"column":null}},"1":{"start":{"line":5,"column":31},"end":{"line":5,"column":null}},"2":{"start":{"line":10,"column":30},"end":{"line":17,"column":null}},"3":{"start":{"line":22,"column":29},"end":{"line":31,"column":null}},"4":{"start":{"line":36,"column":25},"end":{"line":36,"column":null}}},"fnMap":{},"branchMap":{},"s":{"0":1,"1":1,"2":1,"3":1,"4":1},"f":{},"b":{},"meta":{"lastBranch":0,"lastFunction":0,"lastStatement":5,"seen":{"s:4:32:4:Infinity":0,"s:5:31:5:Infinity":1,"s:10:30:17:Infinity":2,"s:22:29:31:Infinity":3,"s:36:25:36:Infinity":4}}}
,"D:\\Users\\naruechatbu\\Work\\__Personal__\\DashboardGpilot\\Frontend\\src\\shared\\services\\trade-history-service.ts": {"path":"D:\\Users\\naruechatbu\\Work\\__Personal__\\DashboardGpilot\\Frontend\\src\\shared\\services\\trade-history-service.ts","statementMap":{"0":{"start":{"line":7,"column":6},"end":{"line":7,"column":50}},"1":{"start":{"line":12,"column":35},"end":{"line":43,"column":null}},"2":{"start":{"line":17,"column":4},"end":{"line":40,"column":null}},"3":{"start":{"line":18,"column":6},"end":{"line":18,"column":null}},"4":{"start":{"line":21,"column":23},"end":{"line":24,"column":null}},"5":{"start":{"line":28,"column":6},"end":{"line":28,"column":null}},"6":{"start":{"line":30,"column":23},"end":{"line":32,"column":null}},"7":{"start":{"line":34,"column":6},"end":{"line":34,"column":null}},"8":{"start":{"line":36,"column":6},"end":{"line":40,"column":null}}},"fnMap":{"0":{"name":"(anonymous_0)","decl":{"start":{"line":16,"column":14},"end":{"line":16,"column":21}},"loc":{"start":{"line":16,"column":96},"end":{"line":43,"column":null}},"line":16}},"branchMap":{"0":{"loc":{"start":{"line":30,"column":23},"end":{"line":32,"column":null}},"type":"cond-expr","locations":[{"start":{"line":31,"column":10},"end":{"line":31,"column":null}},{"start":{"line":32,"column":10},"end":{"line":32,"column":null}}],"line":30},"1":{"loc":{"start":{"line":34,"column":52},"end":{"line":34,"column":86}},"type":"cond-expr","locations":[{"start":{"line":34,"column":73},"end":{"line":34,"column":77}},{"start":{"line":34,"column":77},"end":{"line":34,"column":86}}],"line":34}},"s":{"0":1,"1":1,"2":3,"3":3,"4":3,"5":2,"6":1,"7":1,"8":1},"f":{"0":3},"b":{"0":[0,1],"1":[1,0]},"meta":{"lastBranch":2,"lastFunction":1,"lastStatement":9,"seen":{"s:7:6:7:50":0,"s:12:35:43:Infinity":1,"f:16:14:16:21":0,"s:17:4:40:Infinity":2,"s:18:6:18:Infinity":3,"s:21:23:24:Infinity":4,"s:28:6:28:Infinity":5,"s:30:23:32:Infinity":6,"b:31:10:31:Infinity:32:10:32:Infinity":0,"s:34:6:34:Infinity":7,"b:34:73:34:77:34:77:34:86":1,"s:36:6:40:Infinity":8}}}
,"D:\\Users\\naruechatbu\\Work\\__Personal__\\DashboardGpilot\\Frontend\\src\\shared\\ui\\metric-card.tsx": {"path":"D:\\Users\\naruechatbu\\Work\\__Personal__\\DashboardGpilot\\Frontend\\src\\shared\\ui\\metric-card.tsx","statementMap":{"0":{"start":{"line":1,"column":0},"end":{"line":1,"column":null}},"1":{"start":{"line":23,"column":8},"end":{"line":30,"column":null}},"2":{"start":{"line":24,"column":4},"end":{"line":30,"column":null}},"3":{"start":{"line":26,"column":8},"end":{"line":26,"column":null}},"4":{"start":{"line":28,"column":8},"end":{"line":28,"column":null}},"5":{"start":{"line":30,"column":8},"end":{"line":30,"column":null}},"6":{"start":{"line":34,"column":2},"end":{"line":97,"column":null}},"7":{"start":{"line":84,"column":16},"end":{"line":86,"column":null}}},"fnMap":{"0":{"name":"MetricCard","decl":{"start":{"line":15,"column":16},"end":{"line":15,"column":27}},"loc":{"start":{"line":22,"column":30},"end":{"line":97,"column":null}},"line":22},"1":{"name":"(anonymous_1)","decl":{"start":{"line":23,"column":8},"end":{"line":23,"column":31}},"loc":{"start":{"line":23,"column":31},"end":{"line":30,"column":null}},"line":23},"2":{"name":"(anonymous_2)","decl":{"start":{"line":83,"column":14},"end":{"line":83,"column":24}},"loc":{"start":{"line":84,"column":16},"end":{"line":86,"column":null}},"line":84}},"branchMap":{"0":{"loc":{"start":{"line":19,"column":2},"end":{"line":19,"column":null}},"type":"default-arg","locations":[{"start":{"line":19,"column":15},"end":{"line":19,"column":null}}],"line":19},"1":{"loc":{"start":{"line":21,"column":2},"end":{"line":21,"column":null}},"type":"default-arg","locations":[{"start":{"line":21,"column":14},"end":{"line":21,"column":null}}],"line":21},"2":{"loc":{"start":{"line":24,"column":4},"end":{"line":30,"column":null}},"type":"switch","locations":[{"start":{"line":25,"column":6},"end":{"line":26,"column":null}},{"start":{"line":27,"column":6},"end":{"line":28,"column":null}},{"start":{"line":29,"column":6},"end":{"line":30,"column":null}}],"line":24},"3":{"loc":{"start":{"line":63,"column":13},"end":{"line":75,"column":null}},"type":"binary-expr","locations":[{"start":{"line":63,"column":13},"end":{"line":63,"column":null}},{"start":{"line":64,"column":14},"end":{"line":75,"column":null}}],"line":63},"4":{"loc":{"start":{"line":84,"column":16},"end":{"line":86,"column":null}},"type":"cond-expr","locations":[{"start":{"line":85,"column":20},"end":{"line":85,"column":null}},{"start":{"line":86,"column":20},"end":{"line":86,"column":null}}],"line":84}},"s":{"0":1,"1":3,"2":2,"3":2,"4":0,"5":0,"6":3,"7":3},"f":{"0":3,"1":2,"2":3},"b":{"0":[3],"1":[3],"2":[2,0,0],"3":[3,2],"4":[0,3]},"meta":{"lastBranch":5,"lastFunction":3,"lastStatement":8,"seen":{"s:1:0:1:Infinity":0,"f:15:16:15:27":0,"b:19:15:19:Infinity":0,"b:21:14:21:Infinity":1,"s:23:8:30:Infinity":1,"f:23:8:23:31":1,"b:25:6:26:Infinity:27:6:28:Infinity:29:6:30:Infinity":2,"s:24:4:30:Infinity":2,"s:26:8:26:Infinity":3,"s:28:8:28:Infinity":4,"s:30:8:30:Infinity":5,"s:34:2:97:Infinity":6,"b:63:13:63:Infinity:64:14:75:Infinity":3,"f:83:14:83:24":2,"s:84:16:86:Infinity":7,"b:85:20:85:Infinity:86:20:86:Infinity":4}}}
,"D:\\Users\\naruechatbu\\Work\\__Personal__\\DashboardGpilot\\Frontend\\src\\shared\\utils\\index.ts": {"path":"D:\\Users\\naruechatbu\\Work\\__Personal__\\DashboardGpilot\\Frontend\\src\\shared\\utils\\index.ts","statementMap":{"0":{"start":{"line":5,"column":2},"end":{"line":5,"column":null}}},"fnMap":{"0":{"name":"cn","decl":{"start":{"line":4,"column":16},"end":{"line":4,"column":19}},"loc":{"start":{"line":4,"column":44},"end":{"line":5,"column":null}},"line":4}},"branchMap":{},"s":{"0":4},"f":{"0":4},"b":{},"meta":{"lastBranch":0,"lastFunction":1,"lastStatement":1,"seen":{"f:4:16:4:19":0,"s:5:2:5:Infinity":0}}}
,"D:\\Users\\naruechatbu\\Work\\__Personal__\\DashboardGpilot\\Frontend\\src\\shared\\utils\\logger.ts": {"path":"D:\\Users\\naruechatbu\\Work\\__Personal__\\DashboardGpilot\\Frontend\\src\\shared\\utils\\logger.ts","statementMap":{"0":{"start":{"line":16,"column":4},"end":{"line":16,"column":null}},"1":{"start":{"line":20,"column":22},"end":{"line":20,"column":46}},"2":{"start":{"line":21,"column":20},"end":{"line":27,"column":null}},"3":{"start":{"line":30,"column":4},"end":{"line":39,"column":null}},"4":{"start":{"line":31,"column":20},"end":{"line":31,"column":45}},"5":{"start":{"line":32,"column":6},"end":{"line":36,"column":null}},"6":{"start":{"line":39,"column":6},"end":{"line":39,"column":null}},"7":{"start":{"line":44,"column":4},"end":{"line":49,"column":null}},"8":{"start":{"line":45,"column":20},"end":{"line":45,"column":null}},"9":{"start":{"line":46,"column":20},"end":{"line":46,"column":null}},"10":{"start":{"line":47,"column":20},"end":{"line":47,"column":null}},"11":{"start":{"line":48,"column":20},"end":{"line":48,"column":null}},"12":{"start":{"line":49,"column":20},"end":{"line":49,"column":null}},"13":{"start":{"line":54,"column":4},"end":{"line":54,"column":null}},"14":{"start":{"line":58,"column":4},"end":{"line":58,"column":null}},"15":{"start":{"line":62,"column":4},"end":{"line":62,"column":null}},"16":{"start":{"line":66,"column":21},"end":{"line":66,"column":null}},"17":{"start":{"line":67,"column":18},"end":{"line":67,"column":null}},"18":{"start":{"line":69,"column":4},"end":{"line":73,"column":null}},"19":{"start":{"line":78,"column":22},"end":{"line":78,"column":44}},"20":{"start":{"line":81,"column":13},"end":{"line":81,"column":76}},"21":{"start":{"line":81,"column":53},"end":{"line":81,"column":76}}},"fnMap":{"0":{"name":"(anonymous_0)","decl":{"start":{"line":15,"column":2},"end":{"line":15,"column":14}},"loc":{"start":{"line":15,"column":31},"end":{"line":16,"column":null}},"line":15},"1":{"name":"(anonymous_1)","decl":{"start":{"line":19,"column":2},"end":{"line":19,"column":24}},"loc":{"start":{"line":19,"column":84},"end":{"line":39,"column":null}},"line":19},"2":{"name":"(anonymous_2)","decl":{"start":{"line":43,"column":2},"end":{"line":43,"column":24}},"loc":{"start":{"line":43,"column":49},"end":{"line":49,"column":null}},"line":43},"3":{"name":"(anonymous_3)","decl":{"start":{"line":53,"column":2},"end":{"line":53,"column":8}},"loc":{"start":{"line":53,"column":47},"end":{"line":54,"column":null}},"line":53},"4":{"name":"(anonymous_4)","decl":{"start":{"line":57,"column":2},"end":{"line":57,"column":7}},"loc":{"start":{"line":57,"column":46},"end":{"line":58,"column":null}},"line":57},"5":{"name":"(anonymous_5)","decl":{"start":{"line":61,"column":2},"end":{"line":61,"column":7}},"loc":{"start":{"line":61,"column":46},"end":{"line":62,"column":null}},"line":61},"6":{"name":"(anonymous_6)","decl":{"start":{"line":65,"column":2},"end":{"line":65,"column":8}},"loc":{"start":{"line":65,"column":71},"end":{"line":73,"column":null}},"line":65},"7":{"name":"(anonymous_7)","decl":{"start":{"line":81,"column":13},"end":{"line":81,"column":29}},"loc":{"start":{"line":81,"column":53},"end":{"line":81,"column":76}},"line":81}},"branchMap":{"0":{"loc":{"start":{"line":19,"column":58},"end":{"line":19,"column":82}},"type":"default-arg","locations":[{"start":{"line":19,"column":80},"end":{"line":19,"column":82}}],"line":19},"1":{"loc":{"start":{"line":30,"column":4},"end":{"line":39,"column":null}},"type":"if","locations":[{"start":{"line":30,"column":4},"end":{"line":39,"column":null}},{"start":{"line":37,"column":11},"end":{"line":39,"column":null}}],"line":30},"2":{"loc":{"start":{"line":44,"column":4},"end":{"line":49,"column":null}},"type":"switch","locations":[{"start":{"line":45,"column":6},"end":{"line":45,"column":null}},{"start":{"line":46,"column":6},"end":{"line":46,"column":null}},{"start":{"line":47,"column":6},"end":{"line":47,"column":null}},{"start":{"line":48,"column":6},"end":{"line":48,"column":null}},{"start":{"line":49,"column":6},"end":{"line":49,"column":null}}],"line":44},"3":{"loc":{"start":{"line":66,"column":21},"end":{"line":66,"column":null}},"type":"cond-expr","locations":[{"start":{"line":66,"column":46},"end":{"line":66,"column":63}},{"start":{"line":66,"column":63},"end":{"line":66,"column":null}}],"line":66},"4":{"loc":{"start":{"line":66,"column":63},"end":{"line":66,"column":null}},"type":"binary-expr","locations":[{"start":{"line":66,"column":63},"end":{"line":66,"column":72}},{"start":{"line":66,"column":72},"end":{"line":66,"column":null}}],"line":66},"5":{"loc":{"start":{"line":67,"column":18},"end":{"line":67,"column":null}},"type":"cond-expr","locations":[{"start":{"line":67,"column":43},"end":{"line":67,"column":57}},{"start":{"line":67,"column":57},"end":{"line":67,"column":null}}],"line":67}},"s":{"0":2,"1":4,"2":4,"3":4,"4":0,"5":0,"6":4,"7":0,"8":0,"9":0,"10":0,"11":0,"12":0,"13":0,"14":3,"15":0,"16":1,"17":1,"18":1,"19":1,"20":1,"21":1},"f":{"0":2,"1":4,"2":0,"3":0,"4":3,"5":0,"6":1,"7":1},"b":{"0":[4],"1":[0,4],"2":[0,0,0,0,0],"3":[1,0],"4":[0,0],"5":[1,0]},"meta":{"lastBranch":6,"lastFunction":8,"lastStatement":22,"seen":{"f:15:2:15:14":0,"s:16:4:16:Infinity":0,"f:19:2:19:24":1,"b:19:80:19:82":0,"s:20:22:20:46":1,"s:21:20:27:Infinity":2,"b:30:4:39:Infinity:37:11:39:Infinity":1,"s:30:4:39:Infinity":3,"s:31:20:31:45":4,"s:32:6:36:Infinity":5,"s:39:6:39:Infinity":6,"f:43:2:43:24":2,"b:45:6:45:Infinity:46:6:46:Infinity:47:6:47:Infinity:48:6:48:Infinity:49:6:49:Infinity":2,"s:44:4:49:Infinity":7,"s:45:20:45:Infinity":8,"s:46:20:46:Infinity":9,"s:47:20:47:Infinity":10,"s:48:20:48:Infinity":11,"s:49:20:49:Infinity":12,"f:53:2:53:8":3,"s:54:4:54:Infinity":13,"f:57:2:57:7":4,"s:58:4:58:Infinity":14,"f:61:2:61:7":5,"s:62:4:62:Infinity":15,"f:65:2:65:8":6,"s:66:21:66:Infinity":16,"b:66:46:66:63:66:63:66:Infinity":3,"b:66:63:66:72:66:72:66:Infinity":4,"s:67:18:67:Infinity":17,"b:67:43:67:57:67:57:67:Infinity":5,"s:69:4:73:Infinity":18,"s:78:22:78:44":19,"s:81:13:81:76":20,"f:81:13:81:29":7,"s:81:53:81:76":21}}}
}
