{"D:\\Users\\naruechatbu\\Work\\__Personal__\\DashboardGpilot\\Frontend\\src\\features\\analytics\\utils\\analytics-transforms.ts": {"path":"D:\\Users\\naruechatbu\\Work\\__Personal__\\DashboardGpilot\\Frontend\\src\\features\\analytics\\utils\\analytics-transforms.ts","statementMap":{"0":{"start":{"line":21,"column":2},"end":{"line":21,"column":null}},"1":{"start":{"line":21,"column":28},"end":{"line":21,"column":null}},"2":{"start":{"line":22,"column":17},"end":{"line":22,"column":null}},"3":{"start":{"line":23,"column":39},"end":{"line":23,"column":null}},"4":{"start":{"line":25,"column":2},"end":{"line":26,"column":null}},"5":{"start":{"line":25,"column":15},"end":{"line":25,"column":18}},"6":{"start":{"line":26,"column":4},"end":{"line":26,"column":null}},"7":{"start":{"line":29,"column":2},"end":{"line":37,"column":null}},"8":{"start":{"line":30,"column":14},"end":{"line":30,"column":null}},"9":{"start":{"line":31,"column":4},"end":{"line":37,"column":null}},"10":{"start":{"line":31,"column":18},"end":{"line":31,"column":null}},"11":{"start":{"line":32,"column":13},"end":{"line":37,"column":null}},"12":{"start":{"line":32,"column":23},"end":{"line":32,"column":null}},"13":{"start":{"line":34,"column":6},"end":{"line":37,"column":null}},"14":{"start":{"line":34,"column":19},"end":{"line":34,"column":22}},"15":{"start":{"line":35,"column":8},"end":{"line":37,"column":null}},"16":{"start":{"line":36,"column":10},"end":{"line":36,"column":null}},"17":{"start":{"line":37,"column":10},"end":{"line":37,"column":null}},"18":{"start":{"line":43,"column":2},"end":{"line":43,"column":null}},"19":{"start":{"line":43,"column":55},"end":{"line":43,"column":73}},"20":{"start":{"line":52,"column":22},"end":{"line":52,"column":63}},"21":{"start":{"line":52,"column":47},"end":{"line":52,"column":61}},"22":{"start":{"line":53,"column":98},"end":{"line":53,"column":100}},"23":{"start":{"line":55,"column":2},"end":{"line":61,"column":null}},"24":{"start":{"line":56,"column":16},"end":{"line":56,"column":null}},"25":{"start":{"line":57,"column":4},"end":{"line":57,"column":null}},"26":{"start":{"line":57,"column":21},"end":{"line":57,"column":null}},"27":{"start":{"line":58,"column":4},"end":{"line":58,"column":null}},"28":{"start":{"line":59,"column":4},"end":{"line":59,"column":null}},"29":{"start":{"line":60,"column":4},"end":{"line":60,"column":null}},"30":{"start":{"line":61,"column":4},"end":{"line":61,"column":null}},"31":{"start":{"line":61,"column":25},"end":{"line":61,"column":null}},"32":{"start":{"line":64,"column":2},"end":{"line":71,"column":null}},"33":{"start":{"line":65,"column":30},"end":{"line":70,"column":7}},"34":{"start":{"line":71,"column":20},"end":{"line":71,"column":44}}},"fnMap":{"0":{"name":"computePLDistribution","decl":{"start":{"line":20,"column":16},"end":{"line":20,"column":38}},"loc":{"start":{"line":20,"column":72},"end":{"line":43,"column":null}},"line":20},"1":{"name":"(anonymous_1)","decl":{"start":{"line":43,"column":30},"end":{"line":43,"column":35}},"loc":{"start":{"line":43,"column":55},"end":{"line":43,"column":73}},"line":43},"2":{"name":"computeAssetExposure","decl":{"start":{"line":51,"column":16},"end":{"line":51,"column":37}},"loc":{"start":{"line":51,"column":74},"end":{"line":71,"column":null}},"line":51},"3":{"name":"(anonymous_3)","decl":{"start":{"line":52,"column":30},"end":{"line":52,"column":38}},"loc":{"start":{"line":52,"column":47},"end":{"line":52,"column":61}},"line":52},"4":{"name":"(anonymous_4)","decl":{"start":{"line":65,"column":5},"end":{"line":65,"column":10}},"loc":{"start":{"line":65,"column":30},"end":{"line":70,"column":7}},"line":65},"5":{"name":"(anonymous_5)","decl":{"start":{"line":71,"column":5},"end":{"line":71,"column":11}},"loc":{"start":{"line":71,"column":20},"end":{"line":71,"column":44}},"line":71}},"branchMap":{"0":{"loc":{"start":{"line":21,"column":2},"end":{"line":21,"column":null}},"type":"if","locations":[{"start":{"line":21,"column":2},"end":{"line":21,"column":null}},{"start":{},"end":{}}],"line":21},"1":{"loc":{"start":{"line":31,"column":4},"end":{"line":37,"column":null}},"type":"if","locations":[{"start":{"line":31,"column":4},"end":{"line":37,"column":null}},{"start":{"line":32,"column":13},"end":{"line":37,"column":null}}],"line":31},"2":{"loc":{"start":{"line":32,"column":13},"end":{"line":37,"column":null}},"type":"if","locations":[{"start":{"line":32,"column":13},"end":{"line":37,"column":null}},{"start":{"line":33,"column":9},"end":{"line":37,"column":null}}],"line":32},"3":{"loc":{"start":{"line":35,"column":8},"end":{"line":37,"column":null}},"type":"if","locations":[{"start":{"line":35,"column":8},"end":{"line":37,"column":null}},{"start":{},"end":{}}],"line":35},"4":{"loc":{"start":{"line":35,"column":12},"end":{"line":35,"column":49}},"type":"binary-expr","locations":[{"start":{"line":35,"column":12},"end":{"line":35,"column":30}},{"start":{"line":35,"column":30},"end":{"line":35,"column":49}}],"line":35},"5":{"loc":{"start":{"line":56,"column":16},"end":{"line":56,"column":null}},"type":"binary-expr","locations":[{"start":{"line":56,"column":16},"end":{"line":56,"column":31}},{"start":{"line":56,"column":31},"end":{"line":56,"column":null}}],"line":56},"6":{"loc":{"start":{"line":57,"column":4},"end":{"line":57,"column":null}},"type":"if","locations":[{"start":{"line":57,"column":4},"end":{"line":57,"column":null}},{"start":{},"end":{}}],"line":57},"7":{"loc":{"start":{"line":61,"column":4},"end":{"line":61,"column":null}},"type":"if","locations":[{"start":{"line":61,"column":4},"end":{"line":61,"column":null}},{"start":{},"end":{}}],"line":61},"8":{"loc":{"start":{"line":67,"column":16},"end":{"line":67,"column":null}},"type":"cond-expr","locations":[{"start":{"line":67,"column":35},"end":{"line":67,"column":70}},{"start":{"line":67,"column":70},"end":{"line":67,"column":null}}],"line":67},"9":{"loc":{"start":{"line":69,"column":17},"end":{"line":69,"column":null}},"type":"cond-expr","locations":[{"start":{"line":69,"column":36},"end":{"line":69,"column":45}},{"start":{"line":69,"column":45},"end":{"line":69,"column":null}}],"line":69}},"s":{"0":2,"1":1,"2":1,"3":1,"4":1,"5":1,"6":10,"7":1,"8":4,"9":4,"10":1,"11":3,"12":1,"13":2,"14":2,"15":7,"16":2,"17":2,"18":1,"19":12,"20":4,"21":6,"22":4,"23":4,"24":6,"25":6,"26":5,"27":6,"28":6,"29":6,"30":6,"31":5,"32":4,"33":5,"34":2},"f":{"0":2,"1":12,"2":4,"3":6,"4":5,"5":2},"b":{"0":[1,1],"1":[1,3],"2":[1,2],"3":[2,5],"4":[7,7],"5":[6,1],"6":[5,1],"7":[5,1],"8":[5,0],"9":[5,0]},"meta":{"lastBranch":10,"lastFunction":6,"lastStatement":35,"seen":{"f:20:16:20:38":0,"b:21:2:21:Infinity:undefined:undefined:undefined:undefined":0,"s:21:2:21:Infinity":0,"s:21:28:21:Infinity":1,"s:22:17:22:Infinity":2,"s:23:39:23:Infinity":3,"s:25:2:26:Infinity":4,"s:25:15:25:18":5,"s:26:4:26:Infinity":6,"s:29:2:37:Infinity":7,"s:30:14:30:Infinity":8,"b:31:4:37:Infinity:32:13:37:Infinity":1,"s:31:4:37:Infinity":9,"s:31:18:31:Infinity":10,"b:32:13:37:Infinity:33:9:37:Infinity":2,"s:32:13:37:Infinity":11,"s:32:23:32:Infinity":12,"s:34:6:37:Infinity":13,"s:34:19:34:22":14,"b:35:8:37:Infinity:undefined:undefined:undefined:undefined":3,"s:35:8:37:Infinity":15,"b:35:12:35:30:35:30:35:49":4,"s:36:10:36:Infinity":16,"s:37:10:37:Infinity":17,"s:43:2:43:Infinity":18,"f:43:30:43:35":1,"s:43:55:43:73":19,"f:51:16:51:37":2,"s:52:22:52:63":20,"f:52:30:52:38":3,"s:52:47:52:61":21,"s:53:98:53:100":22,"s:55:2:61:Infinity":23,"s:56:16:56:Infinity":24,"b:56:16:56:31:56:31:56:Infinity":5,"b:57:4:57:Infinity:undefined:undefined:undefined:undefined":6,"s:57:4:57:Infinity":25,"s:57:21:57:Infinity":26,"s:58:4:58:Infinity":27,"s:59:4:59:Infinity":28,"s:60:4:60:Infinity":29,"b:61:4:61:Infinity:undefined:undefined:undefined:undefined":7,"s:61:4:61:Infinity":30,"s:61:25:61:Infinity":31,"s:64:2:71:Infinity":32,"f:65:5:65:10":4,"s:65:30:70:7":33,"b:67:35:67:70:67:70:67:Infinity":8,"b:69:36:69:45:69:45:69:Infinity":9,"f:71:5:71:11":5,"s:71:20:71:44":34}}}
,"D:\\Users\\naruechatbu\\Work\\__Personal__\\DashboardGpilot\\Frontend\\src\\shared\\api\\api-error.ts": {"path":"D:\\Users\\naruechatbu\\Work\\__Personal__\\DashboardGpilot\\Frontend\\src\\shared\\api\\api-error.ts","statementMap":{"0":{"start":{"line":6,"column":4},"end":{"line":6,"column":null}},"1":{"start":{"line":7,"column":4},"end":{"line":7,"column":null}},"2":{"start":{"line":8,"column":4},"end":{"line":8,"column":null}},"3":{"start":{"line":9,"column":4},"end":{"line":9,"column":null}},"4":{"start":{"line":12,"column":4},"end":{"line":12,"column":null}}},"fnMap":{"0":{"name":"(anonymous_0)","decl":{"start":{"line":5,"column":2},"end":{"line":5,"column":14}},"loc":{"start":{"line":5,"column":72},"end":{"line":12,"column":null}},"line":5}},"branchMap":{"0":{"loc":{"start":{"line":5,"column":31},"end":{"line":5,"column":57}},"type":"default-arg","locations":[{"start":{"line":5,"column":52},"end":{"line":5,"column":57}}],"line":5}},"s":{"0":0,"1":0,"2":0,"3":0,"4":0},"f":{"0":0},"b":{"0":[0]},"meta":{"lastBranch":1,"lastFunction":1,"lastStatement":5,"seen":{"f:5:2:5:14":0,"b:5:52:5:57":0,"s:6:4:6:Infinity":0,"s:7:4:7:Infinity":1,"s:8:4:8:Infinity":2,"s:9:4:9:Infinity":3,"s:12:4:12:Infinity":4}}}
,"D:\\Users\\naruechatbu\\Work\\__Personal__\\DashboardGpilot\\Frontend\\src\\shared\\api\\endpoint.ts": {"path":"D:\\Users\\naruechatbu\\Work\\__Personal__\\DashboardGpilot\\Frontend\\src\\shared\\api\\endpoint.ts","statementMap":{"0":{"start":{"line":4,"column":32},"end":{"line":4,"column":null}},"1":{"start":{"line":5,"column":31},"end":{"line":5,"column":null}},"2":{"start":{"line":10,"column":30},"end":{"line":25,"column":null}},"3":{"start":{"line":30,"column":29},"end":{"line":45,"column":null}},"4":{"start":{"line":50,"column":25},"end":{"line":50,"column":null}}},"fnMap":{},"branchMap":{},"s":{"0":4,"1":4,"2":4,"3":4,"4":4},"f":{},"b":{},"meta":{"lastBranch":0,"lastFunction":0,"lastStatement":5,"seen":{"s:4:32:4:Infinity":0,"s:5:31:5:Infinity":1,"s:10:30:25:Infinity":2,"s:30:29:45:Infinity":3,"s:50:25:50:Infinity":4}}}
,"D:\\Users\\naruechatbu\\Work\\__Personal__\\DashboardGpilot\\Frontend\\src\\shared\\providers\\api-health-provider.tsx": {"path":"D:\\Users\\naruechatbu\\Work\\__Personal__\\DashboardGpilot\\Frontend\\src\\shared\\providers\\api-health-provider.tsx","statementMap":{"0":{"start":{"line":1,"column":0},"end":{"line":1,"column":null}},"1":{"start":{"line":14,"column":6},"end":{"line":14,"column":83}},"2":{"start":{"line":17,"column":20},"end":{"line":17,"column":50}},"3":{"start":{"line":18,"column":21},"end":{"line":18,"column":53}},"4":{"start":{"line":19,"column":22},"end":{"line":19,"column":67}},"5":{"start":{"line":20,"column":8},"end":{"line":20,"column":32}},"6":{"start":{"line":22,"column":8},"end":{"line":33,"column":8}},"7":{"start":{"line":23,"column":4},"end":{"line":23,"column":null}},"8":{"start":{"line":24,"column":4},"end":{"line":31,"column":null}},"9":{"start":{"line":25,"column":18},"end":{"line":25,"column":51}},"10":{"start":{"line":26,"column":6},"end":{"line":26,"column":null}},"11":{"start":{"line":28,"column":6},"end":{"line":28,"column":null}},"12":{"start":{"line":30,"column":6},"end":{"line":30,"column":null}},"13":{"start":{"line":31,"column":6},"end":{"line":31,"column":null}},"14":{"start":{"line":36,"column":2},"end":{"line":38,"column":null}},"15":{"start":{"line":37,"column":4},"end":{"line":37,"column":null}},"16":{"start":{"line":40,"column":2},"end":{"line":50,"column":null}},"17":{"start":{"line":55,"column":8},"end":{"line":55,"column":46}},"18":{"start":{"line":56,"column":2},"end":{"line":57,"column":null}},"19":{"start":{"line":57,"column":4},"end":{"line":57,"column":null}},"20":{"start":{"line":59,"column":2},"end":{"line":59,"column":null}}},"fnMap":{"0":{"name":"ApiHealthProvider","decl":{"start":{"line":16,"column":16},"end":{"line":16,"column":34}},"loc":{"start":{"line":16,"column":79},"end":{"line":50,"column":null}},"line":16},"1":{"name":"(anonymous_1)","decl":{"start":{"line":22,"column":34},"end":{"line":22,"column":46}},"loc":{"start":{"line":22,"column":46},"end":{"line":33,"column":7}},"line":22},"2":{"name":"(anonymous_2)","decl":{"start":{"line":36,"column":2},"end":{"line":36,"column":18}},"loc":{"start":{"line":36,"column":18},"end":{"line":38,"column":6}},"line":36},"3":{"name":"useApiHealth","decl":{"start":{"line":54,"column":16},"end":{"line":54,"column":31}},"loc":{"start":{"line":54,"column":31},"end":{"line":59,"column":null}},"line":54}},"branchMap":{"0":{"loc":{"start":{"line":26,"column":19},"end":{"line":26,"column":59}},"type":"binary-expr","locations":[{"start":{"line":26,"column":19},"end":{"line":26,"column":34}},{"start":{"line":26,"column":34},"end":{"line":26,"column":59}}],"line":26},"1":{"loc":{"start":{"line":56,"column":2},"end":{"line":57,"column":null}},"type":"if","locations":[{"start":{"line":56,"column":2},"end":{"line":57,"column":null}},{"start":{},"end":{}}],"line":56}},"s":{"0":1,"1":1,"2":11,"3":11,"4":11,"5":11,"6":11,"7":4,"8":4,"9":4,"10":4,"11":0,"12":4,"13":4,"14":11,"15":4,"16":11,"17":11,"18":11,"19":0,"20":11},"f":{"0":11,"1":4,"2":4,"3":11},"b":{"0":[4,3],"1":[0,11]},"meta":{"lastBranch":2,"lastFunction":4,"lastStatement":21,"seen":{"s:1:0:1:Infinity":0,"s:14:6:14:83":1,"f:16:16:16:34":0,"s:17:20:17:50":2,"s:18:21:18:53":3,"s:19:22:19:67":4,"s:20:8:20:32":5,"s:22:8:33:8":6,"f:22:34:22:46":1,"s:23:4:23:Infinity":7,"s:24:4:31:Infinity":8,"s:25:18:25:51":9,"s:26:6:26:Infinity":10,"b:26:19:26:34:26:34:26:59":0,"s:28:6:28:Infinity":11,"s:30:6:30:Infinity":12,"s:31:6:31:Infinity":13,"s:36:2:38:Infinity":14,"f:36:2:36:18":2,"s:37:4:37:Infinity":15,"s:40:2:50:Infinity":16,"f:54:16:54:31":3,"s:55:8:55:46":17,"b:56:2:57:Infinity:undefined:undefined:undefined:undefined":1,"s:56:2:57:Infinity":18,"s:57:4:57:Infinity":19,"s:59:2:59:Infinity":20}}}
,"D:\\Users\\naruechatbu\\Work\\__Personal__\\DashboardGpilot\\Frontend\\src\\shared\\providers\\trade-data-provider.tsx": {"path":"D:\\Users\\naruechatbu\\Work\\__Personal__\\DashboardGpilot\\Frontend\\src\\shared\\providers\\trade-data-provider.tsx","statementMap":{"0":{"start":{"line":1,"column":0},"end":{"line":1,"column":null}},"1":{"start":{"line":18,"column":6},"end":{"line":18,"column":83}},"2":{"start":{"line":21,"column":33},"end":{"line":21,"column":68}},"3":{"start":{"line":22,"column":18},"end":{"line":22,"column":66}},"4":{"start":{"line":23,"column":16},"end":{"line":23,"column":57}},"5":{"start":{"line":24,"column":18},"end":{"line":24,"column":47}},"6":{"start":{"line":25,"column":16},"end":{"line":25,"column":57}},"7":{"start":{"line":26,"column":24},"end":{"line":26,"column":59}},"8":{"start":{"line":28,"column":8},"end":{"line":70,"column":17}},"9":{"start":{"line":30,"column":4},"end":{"line":30,"column":null}},"10":{"start":{"line":30,"column":20},"end":{"line":30,"column":null}},"11":{"start":{"line":32,"column":4},"end":{"line":68,"column":null}},"12":{"start":{"line":33,"column":6},"end":{"line":33,"column":null}},"13":{"start":{"line":34,"column":6},"end":{"line":34,"column":null}},"14":{"start":{"line":37,"column":35},"end":{"line":40,"column":8}},"15":{"start":{"line":42,"column":6},"end":{"line":45,"column":null}},"16":{"start":{"line":43,"column":8},"end":{"line":43,"column":null}},"17":{"start":{"line":44,"column":17},"end":{"line":45,"column":null}},"18":{"start":{"line":45,"column":8},"end":{"line":45,"column":null}},"19":{"start":{"line":48,"column":6},"end":{"line":61,"column":null}},"20":{"start":{"line":50,"column":8},"end":{"line":57,"column":null}},"21":{"start":{"line":51,"column":10},"end":{"line":51,"column":null}},"22":{"start":{"line":52,"column":19},"end":{"line":57,"column":null}},"23":{"start":{"line":54,"column":10},"end":{"line":54,"column":null}},"24":{"start":{"line":56,"column":10},"end":{"line":56,"column":null}},"25":{"start":{"line":57,"column":10},"end":{"line":57,"column":null}},"26":{"start":{"line":59,"column":17},"end":{"line":61,"column":null}},"27":{"start":{"line":60,"column":8},"end":{"line":60,"column":null}},"28":{"start":{"line":61,"column":8},"end":{"line":61,"column":null}},"29":{"start":{"line":64,"column":6},"end":{"line":64,"column":null}},"30":{"start":{"line":66,"column":6},"end":{"line":66,"column":null}},"31":{"start":{"line":68,"column":6},"end":{"line":68,"column":null}},"32":{"start":{"line":73,"column":2},"end":{"line":77,"column":null}},"33":{"start":{"line":74,"column":4},"end":{"line":75,"column":null}},"34":{"start":{"line":75,"column":6},"end":{"line":75,"column":null}},"35":{"start":{"line":80,"column":2},"end":{"line":84,"column":null}},"36":{"start":{"line":81,"column":4},"end":{"line":82,"column":null}},"37":{"start":{"line":82,"column":6},"end":{"line":82,"column":null}},"38":{"start":{"line":86,"column":8},"end":{"line":93,"column":83}},"39":{"start":{"line":86,"column":31},"end":{"line":93,"column":6}},"40":{"start":{"line":95,"column":2},"end":{"line":98,"column":null}},"41":{"start":{"line":103,"column":8},"end":{"line":103,"column":46}},"42":{"start":{"line":104,"column":2},"end":{"line":105,"column":null}},"43":{"start":{"line":105,"column":4},"end":{"line":105,"column":null}},"44":{"start":{"line":107,"column":2},"end":{"line":107,"column":null}}},"fnMap":{"0":{"name":"TradeDataProvider","decl":{"start":{"line":20,"column":16},"end":{"line":20,"column":34}},"loc":{"start":{"line":20,"column":79},"end":{"line":98,"column":null}},"line":20},"1":{"name":"(anonymous_1)","decl":{"start":{"line":28,"column":32},"end":{"line":28,"column":39}},"loc":{"start":{"line":28,"column":56},"end":{"line":70,"column":6}},"line":28},"2":{"name":"(anonymous_2)","decl":{"start":{"line":73,"column":2},"end":{"line":73,"column":18}},"loc":{"start":{"line":73,"column":18},"end":{"line":77,"column":6}},"line":73},"3":{"name":"(anonymous_3)","decl":{"start":{"line":80,"column":2},"end":{"line":80,"column":18}},"loc":{"start":{"line":80,"column":18},"end":{"line":84,"column":6}},"line":80},"4":{"name":"(anonymous_4)","decl":{"start":{"line":86,"column":16},"end":{"line":86,"column":31}},"loc":{"start":{"line":86,"column":31},"end":{"line":93,"column":6}},"line":86},"5":{"name":"useTradeData","decl":{"start":{"line":102,"column":16},"end":{"line":102,"column":31}},"loc":{"start":{"line":102,"column":31},"end":{"line":107,"column":null}},"line":102}},"branchMap":{"0":{"loc":{"start":{"line":30,"column":4},"end":{"line":30,"column":null}},"type":"if","locations":[{"start":{"line":30,"column":4},"end":{"line":30,"column":null}},{"start":{},"end":{}}],"line":30},"1":{"loc":{"start":{"line":42,"column":6},"end":{"line":45,"column":null}},"type":"if","locations":[{"start":{"line":42,"column":6},"end":{"line":45,"column":null}},{"start":{"line":44,"column":17},"end":{"line":45,"column":null}}],"line":42},"2":{"loc":{"start":{"line":42,"column":10},"end":{"line":42,"column":41}},"type":"binary-expr","locations":[{"start":{"line":42,"column":10},"end":{"line":42,"column":28}},{"start":{"line":42,"column":28},"end":{"line":42,"column":41}}],"line":42},"3":{"loc":{"start":{"line":44,"column":17},"end":{"line":45,"column":null}},"type":"if","locations":[{"start":{"line":44,"column":17},"end":{"line":45,"column":null}},{"start":{},"end":{}}],"line":44},"4":{"loc":{"start":{"line":45,"column":17},"end":{"line":45,"column":72}},"type":"binary-expr","locations":[{"start":{"line":45,"column":17},"end":{"line":45,"column":41}},{"start":{"line":45,"column":41},"end":{"line":45,"column":72}}],"line":45},"5":{"loc":{"start":{"line":48,"column":6},"end":{"line":61,"column":null}},"type":"if","locations":[{"start":{"line":48,"column":6},"end":{"line":61,"column":null}},{"start":{"line":59,"column":17},"end":{"line":61,"column":null}}],"line":48},"6":{"loc":{"start":{"line":48,"column":10},"end":{"line":48,"column":49}},"type":"binary-expr","locations":[{"start":{"line":48,"column":10},"end":{"line":48,"column":32}},{"start":{"line":48,"column":32},"end":{"line":48,"column":49}}],"line":48},"7":{"loc":{"start":{"line":50,"column":8},"end":{"line":57,"column":null}},"type":"if","locations":[{"start":{"line":50,"column":8},"end":{"line":57,"column":null}},{"start":{"line":52,"column":19},"end":{"line":57,"column":null}}],"line":50},"8":{"loc":{"start":{"line":52,"column":19},"end":{"line":57,"column":null}},"type":"if","locations":[{"start":{"line":52,"column":19},"end":{"line":57,"column":null}},{"start":{"line":55,"column":15},"end":{"line":57,"column":null}}],"line":52},"9":{"loc":{"start":{"line":52,"column":19},"end":{"line":52,"column":102}},"type":"binary-expr","locations":[{"start":{"line":52,"column":19},"end":{"line":52,"column":58}},{"start":{"line":52,"column":58},"end":{"line":52,"column":102}}],"line":52},"10":{"loc":{"start":{"line":59,"column":17},"end":{"line":61,"column":null}},"type":"if","locations":[{"start":{"line":59,"column":17},"end":{"line":61,"column":null}},{"start":{},"end":{}}],"line":59},"11":{"loc":{"start":{"line":60,"column":17},"end":{"line":60,"column":77}},"type":"binary-expr","locations":[{"start":{"line":60,"column":17},"end":{"line":60,"column":45}},{"start":{"line":60,"column":45},"end":{"line":60,"column":77}}],"line":60},"12":{"loc":{"start":{"line":66,"column":15},"end":{"line":66,"column":103}},"type":"cond-expr","locations":[{"start":{"line":66,"column":38},"end":{"line":66,"column":52}},{"start":{"line":66,"column":52},"end":{"line":66,"column":103}}],"line":66},"13":{"loc":{"start":{"line":74,"column":4},"end":{"line":75,"column":null}},"type":"if","locations":[{"start":{"line":74,"column":4},"end":{"line":75,"column":null}},{"start":{},"end":{}}],"line":74},"14":{"loc":{"start":{"line":74,"column":8},"end":{"line":74,"column":49}},"type":"binary-expr","locations":[{"start":{"line":74,"column":8},"end":{"line":74,"column":21}},{"start":{"line":74,"column":21},"end":{"line":74,"column":39}},{"start":{"line":74,"column":39},"end":{"line":74,"column":49}}],"line":74},"15":{"loc":{"start":{"line":81,"column":4},"end":{"line":82,"column":null}},"type":"if","locations":[{"start":{"line":81,"column":4},"end":{"line":82,"column":null}},{"start":{},"end":{}}],"line":81},"16":{"loc":{"start":{"line":89,"column":13},"end":{"line":89,"column":null}},"type":"binary-expr","locations":[{"start":{"line":89,"column":13},"end":{"line":89,"column":24}},{"start":{"line":89,"column":24},"end":{"line":89,"column":null}}],"line":89},"17":{"loc":{"start":{"line":104,"column":2},"end":{"line":105,"column":null}},"type":"if","locations":[{"start":{"line":104,"column":2},"end":{"line":105,"column":null}},{"start":{},"end":{}}],"line":104}},"s":{"0":1,"1":1,"2":20,"3":20,"4":20,"5":20,"6":20,"7":20,"8":20,"9":7,"10":0,"11":7,"12":7,"13":7,"14":7,"15":7,"16":5,"17":1,"18":1,"19":6,"20":6,"21":4,"22":2,"23":2,"24":0,"25":0,"26":0,"27":0,"28":0,"29":6,"30":1,"31":7,"32":20,"33":20,"34":6,"35":20,"36":8,"37":2,"38":20,"39":20,"40":20,"41":23,"42":23,"43":0,"44":23},"f":{"0":20,"1":7,"2":20,"3":8,"4":20,"5":23},"b":{"0":[0,7],"1":[5,1],"2":[7,5],"3":[1,0],"4":[1,0],"5":[6,0],"6":[6,6],"7":[4,2],"8":[2,0],"9":[2,2],"10":[0,0],"11":[0,0],"12":[1,0],"13":[6,14],"14":[20,17,12],"15":[2,6],"16":[20,14],"17":[0,23]},"meta":{"lastBranch":18,"lastFunction":6,"lastStatement":45,"seen":{"s:1:0:1:Infinity":0,"s:18:6:18:83":1,"f:20:16:20:34":0,"s:21:33:21:68":2,"s:22:18:22:66":3,"s:23:16:23:57":4,"s:24:18:24:47":5,"s:25:16:25:57":6,"s:26:24:26:59":7,"s:28:8:70:17":8,"f:28:32:28:39":1,"b:30:4:30:Infinity:undefined:undefined:undefined:undefined":0,"s:30:4:30:Infinity":9,"s:30:20:30:Infinity":10,"s:32:4:68:Infinity":11,"s:33:6:33:Infinity":12,"s:34:6:34:Infinity":13,"s:37:35:40:8":14,"b:42:6:45:Infinity:44:17:45:Infinity":1,"s:42:6:45:Infinity":15,"b:42:10:42:28:42:28:42:41":2,"s:43:8:43:Infinity":16,"b:44:17:45:Infinity:undefined:undefined:undefined:undefined":3,"s:44:17:45:Infinity":17,"s:45:8:45:Infinity":18,"b:45:17:45:41:45:41:45:72":4,"b:48:6:61:Infinity:59:17:61:Infinity":5,"s:48:6:61:Infinity":19,"b:48:10:48:32:48:32:48:49":6,"b:50:8:57:Infinity:52:19:57:Infinity":7,"s:50:8:57:Infinity":20,"s:51:10:51:Infinity":21,"b:52:19:57:Infinity:55:15:57:Infinity":8,"s:52:19:57:Infinity":22,"b:52:19:52:58:52:58:52:102":9,"s:54:10:54:Infinity":23,"s:56:10:56:Infinity":24,"s:57:10:57:Infinity":25,"b:59:17:61:Infinity:undefined:undefined:undefined:undefined":10,"s:59:17:61:Infinity":26,"s:60:8:60:Infinity":27,"b:60:17:60:45:60:45:60:77":11,"s:61:8:61:Infinity":28,"s:64:6:64:Infinity":29,"s:66:6:66:Infinity":30,"b:66:38:66:52:66:52:66:103":12,"s:68:6:68:Infinity":31,"s:73:2:77:Infinity":32,"f:73:2:73:18":2,"b:74:4:75:Infinity:undefined:undefined:undefined:undefined":13,"s:74:4:75:Infinity":33,"b:74:8:74:21:74:21:74:39:74:39:74:49":14,"s:75:6:75:Infinity":34,"s:80:2:84:Infinity":35,"f:80:2:80:18":3,"b:81:4:82:Infinity:undefined:undefined:undefined:undefined":15,"s:81:4:82:Infinity":36,"s:82:6:82:Infinity":37,"s:86:8:93:83":38,"f:86:16:86:31":4,"s:86:31:93:6":39,"b:89:13:89:24:89:24:89:Infinity":16,"s:95:2:98:Infinity":40,"f:102:16:102:31":5,"s:103:8:103:46":41,"b:104:2:105:Infinity:undefined:undefined:undefined:undefined":17,"s:104:2:105:Infinity":42,"s:105:4:105:Infinity":43,"s:107:2:107:Infinity":44}}}
,"D:\\Users\\naruechatbu\\Work\\__Personal__\\DashboardGpilot\\Frontend\\src\\shared\\services\\account-service.ts": {"path":"D:\\Users\\naruechatbu\\Work\\__Personal__\\DashboardGpilot\\Frontend\\src\\shared\\services\\account-service.ts","statementMap":{"0":{"start":{"line":7,"column":6},"end":{"line":7,"column":45}},"1":{"start":{"line":12,"column":30},"end":{"line":36,"column":null}},"2":{"start":{"line":17,"column":4},"end":{"line":33,"column":null}},"3":{"start":{"line":18,"column":6},"end":{"line":18,"column":null}},"4":{"start":{"line":21,"column":23},"end":{"line":21,"column":87}},"5":{"start":{"line":24,"column":6},"end":{"line":24,"column":null}},"6":{"start":{"line":26,"column":23},"end":{"line":26,"column":null}},"7":{"start":{"line":27,"column":6},"end":{"line":27,"column":null}},"8":{"start":{"line":29,"column":6},"end":{"line":33,"column":null}}},"fnMap":{"0":{"name":"(anonymous_0)","decl":{"start":{"line":16,"column":18},"end":{"line":16,"column":69}},"loc":{"start":{"line":16,"column":69},"end":{"line":36,"column":null}},"line":16}},"branchMap":{"0":{"loc":{"start":{"line":26,"column":23},"end":{"line":26,"column":null}},"type":"cond-expr","locations":[{"start":{"line":26,"column":47},"end":{"line":26,"column":59}},{"start":{"line":26,"column":59},"end":{"line":26,"column":null}}],"line":26},"1":{"loc":{"start":{"line":27,"column":51},"end":{"line":27,"column":85}},"type":"cond-expr","locations":[{"start":{"line":27,"column":72},"end":{"line":27,"column":76}},{"start":{"line":27,"column":76},"end":{"line":27,"column":85}}],"line":27}},"s":{"0":1,"1":1,"2":2,"3":2,"4":2,"5":1,"6":1,"7":1,"8":1},"f":{"0":2},"b":{"0":[0,1],"1":[1,0]},"meta":{"lastBranch":2,"lastFunction":1,"lastStatement":9,"seen":{"s:7:6:7:45":0,"s:12:30:36:Infinity":1,"f:16:18:16:69":0,"s:17:4:33:Infinity":2,"s:18:6:18:Infinity":3,"s:21:23:21:87":4,"s:24:6:24:Infinity":5,"s:26:23:26:Infinity":6,"b:26:47:26:59:26:59:26:Infinity":0,"s:27:6:27:Infinity":7,"b:27:72:27:76:27:76:27:85":1,"s:29:6:33:Infinity":8}}}
,"D:\\Users\\naruechatbu\\Work\\__Personal__\\DashboardGpilot\\Frontend\\src\\shared\\services\\analytics-service.ts": {"path":"D:\\Users\\naruechatbu\\Work\\__Personal__\\DashboardGpilot\\Frontend\\src\\shared\\services\\analytics-service.ts","statementMap":{"0":{"start":{"line":7,"column":6},"end":{"line":7,"column":47}},"1":{"start":{"line":15,"column":32},"end":{"line":69,"column":null}},"2":{"start":{"line":20,"column":4},"end":{"line":30,"column":null}},"3":{"start":{"line":21,"column":6},"end":{"line":21,"column":null}},"4":{"start":{"line":22,"column":6},"end":{"line":26,"column":null}},"5":{"start":{"line":28,"column":23},"end":{"line":28,"column":null}},"6":{"start":{"line":29,"column":6},"end":{"line":29,"column":null}},"7":{"start":{"line":30,"column":6},"end":{"line":30,"column":null}},"8":{"start":{"line":38,"column":4},"end":{"line":48,"column":null}},"9":{"start":{"line":39,"column":6},"end":{"line":39,"column":null}},"10":{"start":{"line":40,"column":6},"end":{"line":44,"column":null}},"11":{"start":{"line":46,"column":23},"end":{"line":46,"column":null}},"12":{"start":{"line":47,"column":6},"end":{"line":47,"column":null}},"13":{"start":{"line":48,"column":6},"end":{"line":48,"column":null}},"14":{"start":{"line":56,"column":4},"end":{"line":66,"column":null}},"15":{"start":{"line":57,"column":6},"end":{"line":57,"column":null}},"16":{"start":{"line":58,"column":6},"end":{"line":62,"column":null}},"17":{"start":{"line":64,"column":23},"end":{"line":64,"column":null}},"18":{"start":{"line":65,"column":6},"end":{"line":65,"column":null}},"19":{"start":{"line":66,"column":6},"end":{"line":66,"column":null}}},"fnMap":{"0":{"name":"(anonymous_0)","decl":{"start":{"line":19,"column":18},"end":{"line":19,"column":25}},"loc":{"start":{"line":19,"column":95},"end":{"line":30,"column":null}},"line":19},"1":{"name":"(anonymous_1)","decl":{"start":{"line":37,"column":20},"end":{"line":37,"column":27}},"loc":{"start":{"line":37,"column":102},"end":{"line":48,"column":null}},"line":37},"2":{"name":"(anonymous_2)","decl":{"start":{"line":55,"column":23},"end":{"line":55,"column":30}},"loc":{"start":{"line":55,"column":100},"end":{"line":66,"column":null}},"line":55}},"branchMap":{"0":{"loc":{"start":{"line":28,"column":23},"end":{"line":28,"column":null}},"type":"cond-expr","locations":[{"start":{"line":28,"column":47},"end":{"line":28,"column":59}},{"start":{"line":28,"column":59},"end":{"line":28,"column":null}}],"line":28},"1":{"loc":{"start":{"line":29,"column":56},"end":{"line":29,"column":90}},"type":"cond-expr","locations":[{"start":{"line":29,"column":77},"end":{"line":29,"column":81}},{"start":{"line":29,"column":81},"end":{"line":29,"column":90}}],"line":29},"2":{"loc":{"start":{"line":46,"column":23},"end":{"line":46,"column":null}},"type":"cond-expr","locations":[{"start":{"line":46,"column":47},"end":{"line":46,"column":59}},{"start":{"line":46,"column":59},"end":{"line":46,"column":null}}],"line":46},"3":{"loc":{"start":{"line":47,"column":53},"end":{"line":47,"column":87}},"type":"cond-expr","locations":[{"start":{"line":47,"column":74},"end":{"line":47,"column":78}},{"start":{"line":47,"column":78},"end":{"line":47,"column":87}}],"line":47},"4":{"loc":{"start":{"line":64,"column":23},"end":{"line":64,"column":null}},"type":"cond-expr","locations":[{"start":{"line":64,"column":47},"end":{"line":64,"column":59}},{"start":{"line":64,"column":59},"end":{"line":64,"column":null}}],"line":64},"5":{"loc":{"start":{"line":65,"column":56},"end":{"line":65,"column":90}},"type":"cond-expr","locations":[{"start":{"line":65,"column":77},"end":{"line":65,"column":81}},{"start":{"line":65,"column":81},"end":{"line":65,"column":90}}],"line":65}},"s":{"0":1,"1":1,"2":2,"3":2,"4":2,"5":1,"6":1,"7":1,"8":1,"9":1,"10":1,"11":0,"12":0,"13":0,"14":1,"15":1,"16":1,"17":0,"18":0,"19":0},"f":{"0":2,"1":1,"2":1},"b":{"0":[0,1],"1":[1,0],"2":[0,0],"3":[0,0],"4":[0,0],"5":[0,0]},"meta":{"lastBranch":6,"lastFunction":3,"lastStatement":20,"seen":{"s:7:6:7:47":0,"s:15:32:69:Infinity":1,"f:19:18:19:25":0,"s:20:4:30:Infinity":2,"s:21:6:21:Infinity":3,"s:22:6:26:Infinity":4,"s:28:23:28:Infinity":5,"b:28:47:28:59:28:59:28:Infinity":0,"s:29:6:29:Infinity":6,"b:29:77:29:81:29:81:29:90":1,"s:30:6:30:Infinity":7,"f:37:20:37:27":1,"s:38:4:48:Infinity":8,"s:39:6:39:Infinity":9,"s:40:6:44:Infinity":10,"s:46:23:46:Infinity":11,"b:46:47:46:59:46:59:46:Infinity":2,"s:47:6:47:Infinity":12,"b:47:74:47:78:47:78:47:87":3,"s:48:6:48:Infinity":13,"f:55:23:55:30":2,"s:56:4:66:Infinity":14,"s:57:6:57:Infinity":15,"s:58:6:62:Infinity":16,"s:64:23:64:Infinity":17,"b:64:47:64:59:64:59:64:Infinity":4,"s:65:6:65:Infinity":18,"b:65:77:65:81:65:81:65:90":5,"s:66:6:66:Infinity":19}}}
,"D:\\Users\\naruechatbu\\Work\\__Personal__\\DashboardGpilot\\Frontend\\src\\shared\\services\\auth-service.ts": {"path":"D:\\Users\\naruechatbu\\Work\\__Personal__\\DashboardGpilot\\Frontend\\src\\shared\\services\\auth-service.ts","statementMap":{"0":{"start":{"line":14,"column":6},"end":{"line":14,"column":42}},"1":{"start":{"line":20,"column":27},"end":{"line":170,"column":null}},"2":{"start":{"line":27,"column":4},"end":{"line":74,"column":null}},"3":{"start":{"line":28,"column":6},"end":{"line":28,"column":null}},"4":{"start":{"line":31,"column":28},"end":{"line":31,"column":null}},"5":{"start":{"line":32,"column":6},"end":{"line":38,"column":null}},"6":{"start":{"line":33,"column":8},"end":{"line":33,"column":null}},"7":{"start":{"line":34,"column":8},"end":{"line":38,"column":null}},"8":{"start":{"line":42,"column":32},"end":{"line":42,"column":97}},"9":{"start":{"line":45,"column":47},"end":{"line":51,"column":null}},"10":{"start":{"line":54,"column":21},"end":{"line":57,"column":8}},"11":{"start":{"line":59,"column":6},"end":{"line":59,"column":null}},"12":{"start":{"line":60,"column":6},"end":{"line":64,"column":null}},"13":{"start":{"line":67,"column":23},"end":{"line":67,"column":null}},"14":{"start":{"line":68,"column":6},"end":{"line":68,"column":null}},"15":{"start":{"line":70,"column":6},"end":{"line":74,"column":null}},"16":{"start":{"line":82,"column":4},"end":{"line":113,"column":null}},"17":{"start":{"line":83,"column":6},"end":{"line":83,"column":null}},"18":{"start":{"line":86,"column":23},"end":{"line":86,"column":44}},"19":{"start":{"line":87,"column":6},"end":{"line":87,"column":null}},"20":{"start":{"line":88,"column":6},"end":{"line":88,"column":null}},"21":{"start":{"line":90,"column":21},"end":{"line":96,"column":8}},"22":{"start":{"line":98,"column":6},"end":{"line":98,"column":null}},"23":{"start":{"line":99,"column":6},"end":{"line":103,"column":null}},"24":{"start":{"line":106,"column":23},"end":{"line":106,"column":null}},"25":{"start":{"line":107,"column":6},"end":{"line":107,"column":null}},"26":{"start":{"line":109,"column":6},"end":{"line":113,"column":null}},"27":{"start":{"line":121,"column":4},"end":{"line":135,"column":null}},"28":{"start":{"line":122,"column":6},"end":{"line":122,"column":null}},"29":{"start":{"line":123,"column":6},"end":{"line":126,"column":null}},"30":{"start":{"line":127,"column":6},"end":{"line":127,"column":null}},"31":{"start":{"line":129,"column":23},"end":{"line":129,"column":null}},"32":{"start":{"line":130,"column":6},"end":{"line":130,"column":null}},"33":{"start":{"line":131,"column":6},"end":{"line":135,"column":null}},"34":{"start":{"line":143,"column":4},"end":{"line":167,"column":null}},"35":{"start":{"line":144,"column":6},"end":{"line":144,"column":null}},"36":{"start":{"line":145,"column":28},"end":{"line":145,"column":null}},"37":{"start":{"line":146,"column":6},"end":{"line":151,"column":null}},"38":{"start":{"line":147,"column":10},"end":{"line":151,"column":null}},"39":{"start":{"line":154,"column":32},"end":{"line":154,"column":90}},"40":{"start":{"line":155,"column":6},"end":{"line":158,"column":null}},"41":{"start":{"line":159,"column":6},"end":{"line":159,"column":null}},"42":{"start":{"line":161,"column":23},"end":{"line":161,"column":null}},"43":{"start":{"line":162,"column":6},"end":{"line":162,"column":null}},"44":{"start":{"line":163,"column":6},"end":{"line":167,"column":null}}},"fnMap":{"0":{"name":"(anonymous_0)","decl":{"start":{"line":24,"column":12},"end":{"line":24,"column":null}},"loc":{"start":{"line":26,"column":55},"end":{"line":74,"column":null}},"line":26},"1":{"name":"(anonymous_1)","decl":{"start":{"line":81,"column":9},"end":{"line":81,"column":16}},"loc":{"start":{"line":81,"column":80},"end":{"line":113,"column":null}},"line":81},"2":{"name":"(anonymous_2)","decl":{"start":{"line":120,"column":18},"end":{"line":120,"column":25}},"loc":{"start":{"line":120,"column":81},"end":{"line":135,"column":null}},"line":120},"3":{"name":"(anonymous_3)","decl":{"start":{"line":142,"column":21},"end":{"line":142,"column":28}},"loc":{"start":{"line":142,"column":89},"end":{"line":167,"column":null}},"line":142}},"branchMap":{"0":{"loc":{"start":{"line":31,"column":28},"end":{"line":31,"column":null}},"type":"binary-expr","locations":[{"start":{"line":31,"column":28},"end":{"line":31,"column":74}},{"start":{"line":31,"column":74},"end":{"line":31,"column":null}}],"line":31},"1":{"loc":{"start":{"line":32,"column":6},"end":{"line":38,"column":null}},"type":"if","locations":[{"start":{"line":32,"column":6},"end":{"line":38,"column":null}},{"start":{},"end":{}}],"line":32},"2":{"loc":{"start":{"line":67,"column":23},"end":{"line":67,"column":null}},"type":"cond-expr","locations":[{"start":{"line":67,"column":51},"end":{"line":67,"column":67}},{"start":{"line":67,"column":67},"end":{"line":67,"column":null}}],"line":67},"3":{"loc":{"start":{"line":68,"column":42},"end":{"line":68,"column":88}},"type":"cond-expr","locations":[{"start":{"line":68,"column":67},"end":{"line":68,"column":75}},{"start":{"line":68,"column":75},"end":{"line":68,"column":88}}],"line":68},"4":{"loc":{"start":{"line":106,"column":23},"end":{"line":106,"column":null}},"type":"cond-expr","locations":[{"start":{"line":106,"column":51},"end":{"line":106,"column":67}},{"start":{"line":106,"column":67},"end":{"line":106,"column":null}}],"line":106},"5":{"loc":{"start":{"line":107,"column":35},"end":{"line":107,"column":81}},"type":"cond-expr","locations":[{"start":{"line":107,"column":60},"end":{"line":107,"column":68}},{"start":{"line":107,"column":68},"end":{"line":107,"column":81}}],"line":107},"6":{"loc":{"start":{"line":129,"column":23},"end":{"line":129,"column":null}},"type":"cond-expr","locations":[{"start":{"line":129,"column":51},"end":{"line":129,"column":67}},{"start":{"line":129,"column":67},"end":{"line":129,"column":null}}],"line":129},"7":{"loc":{"start":{"line":130,"column":45},"end":{"line":130,"column":91}},"type":"cond-expr","locations":[{"start":{"line":130,"column":70},"end":{"line":130,"column":78}},{"start":{"line":130,"column":78},"end":{"line":130,"column":91}}],"line":130},"8":{"loc":{"start":{"line":145,"column":28},"end":{"line":145,"column":null}},"type":"binary-expr","locations":[{"start":{"line":145,"column":28},"end":{"line":145,"column":74}},{"start":{"line":145,"column":74},"end":{"line":145,"column":null}}],"line":145},"9":{"loc":{"start":{"line":146,"column":6},"end":{"line":151,"column":null}},"type":"if","locations":[{"start":{"line":146,"column":6},"end":{"line":151,"column":null}},{"start":{},"end":{}}],"line":146},"10":{"loc":{"start":{"line":161,"column":23},"end":{"line":161,"column":null}},"type":"cond-expr","locations":[{"start":{"line":161,"column":51},"end":{"line":161,"column":67}},{"start":{"line":161,"column":67},"end":{"line":161,"column":null}}],"line":161},"11":{"loc":{"start":{"line":162,"column":49},"end":{"line":162,"column":95}},"type":"cond-expr","locations":[{"start":{"line":162,"column":74},"end":{"line":162,"column":82}},{"start":{"line":162,"column":82},"end":{"line":162,"column":95}}],"line":162}},"s":{"0":1,"1":1,"2":2,"3":2,"4":2,"5":2,"6":1,"7":1,"8":1,"9":1,"10":1,"11":1,"12":1,"13":0,"14":0,"15":0,"16":1,"17":1,"18":1,"19":1,"20":1,"21":1,"22":1,"23":1,"24":0,"25":0,"26":0,"27":0,"28":0,"29":0,"30":0,"31":0,"32":0,"33":0,"34":1,"35":1,"36":1,"37":1,"38":0,"39":1,"40":1,"41":1,"42":0,"43":0,"44":0},"f":{"0":2,"1":1,"2":0,"3":1},"b":{"0":[2,1],"1":[1,1],"2":[0,0],"3":[0,0],"4":[0,0],"5":[0,0],"6":[0,0],"7":[0,0],"8":[1,0],"9":[0,1],"10":[0,0],"11":[0,0]},"meta":{"lastBranch":12,"lastFunction":4,"lastStatement":45,"seen":{"s:14:6:14:42":0,"s:20:27:170:Infinity":1,"f:24:12:24:Infinity":0,"s:27:4:74:Infinity":2,"s:28:6:28:Infinity":3,"s:31:28:31:Infinity":4,"b:31:28:31:74:31:74:31:Infinity":0,"b:32:6:38:Infinity:undefined:undefined:undefined:undefined":1,"s:32:6:38:Infinity":5,"s:33:8:33:Infinity":6,"s:34:8:38:Infinity":7,"s:42:32:42:97":8,"s:45:47:51:Infinity":9,"s:54:21:57:8":10,"s:59:6:59:Infinity":11,"s:60:6:64:Infinity":12,"s:67:23:67:Infinity":13,"b:67:51:67:67:67:67:67:Infinity":2,"s:68:6:68:Infinity":14,"b:68:67:68:75:68:75:68:88":3,"s:70:6:74:Infinity":15,"f:81:9:81:16":1,"s:82:4:113:Infinity":16,"s:83:6:83:Infinity":17,"s:86:23:86:44":18,"s:87:6:87:Infinity":19,"s:88:6:88:Infinity":20,"s:90:21:96:8":21,"s:98:6:98:Infinity":22,"s:99:6:103:Infinity":23,"s:106:23:106:Infinity":24,"b:106:51:106:67:106:67:106:Infinity":4,"s:107:6:107:Infinity":25,"b:107:60:107:68:107:68:107:81":5,"s:109:6:113:Infinity":26,"f:120:18:120:25":2,"s:121:4:135:Infinity":27,"s:122:6:122:Infinity":28,"s:123:6:126:Infinity":29,"s:127:6:127:Infinity":30,"s:129:23:129:Infinity":31,"b:129:51:129:67:129:67:129:Infinity":6,"s:130:6:130:Infinity":32,"b:130:70:130:78:130:78:130:91":7,"s:131:6:135:Infinity":33,"f:142:21:142:28":3,"s:143:4:167:Infinity":34,"s:144:6:144:Infinity":35,"s:145:28:145:Infinity":36,"b:145:28:145:74:145:74:145:Infinity":8,"b:146:6:151:Infinity:undefined:undefined:undefined:undefined":9,"s:146:6:151:Infinity":37,"s:147:10:151:Infinity":38,"s:154:32:154:90":39,"s:155:6:158:Infinity":40,"s:159:6:159:Infinity":41,"s:161:23:161:Infinity":42,"b:161:51:161:67:161:67:161:Infinity":10,"s:162:6:162:Infinity":43,"b:162:74:162:82:162:82:162:95":11,"s:163:6:167:Infinity":44}}}
,"D:\\Users\\naruechatbu\\Work\\__Personal__\\DashboardGpilot\\Frontend\\src\\shared\\services\\trade-history-service.ts": {"path":"D:\\Users\\naruechatbu\\Work\\__Personal__\\DashboardGpilot\\Frontend\\src\\shared\\services\\trade-history-service.ts","statementMap":{"0":{"start":{"line":7,"column":6},"end":{"line":7,"column":50}},"1":{"start":{"line":13,"column":35},"end":{"line":93,"column":null}},"2":{"start":{"line":18,"column":4},"end":{"line":52,"column":null}},"3":{"start":{"line":19,"column":6},"end":{"line":19,"column":null}},"4":{"start":{"line":21,"column":23},"end":{"line":24,"column":null}},"5":{"start":{"line":27,"column":36},"end":{"line":27,"column":38}},"6":{"start":{"line":29,"column":6},"end":{"line":33,"column":null}},"7":{"start":{"line":30,"column":8},"end":{"line":33,"column":null}},"8":{"start":{"line":31,"column":10},"end":{"line":31,"column":null}},"9":{"start":{"line":32,"column":19},"end":{"line":33,"column":null}},"10":{"start":{"line":33,"column":10},"end":{"line":33,"column":null}},"11":{"start":{"line":37,"column":6},"end":{"line":40,"column":null}},"12":{"start":{"line":42,"column":23},"end":{"line":44,"column":null}},"13":{"start":{"line":46,"column":6},"end":{"line":46,"column":null}},"14":{"start":{"line":48,"column":6},"end":{"line":52,"column":null}},"15":{"start":{"line":60,"column":4},"end":{"line":70,"column":null}},"16":{"start":{"line":61,"column":6},"end":{"line":61,"column":null}},"17":{"start":{"line":62,"column":23},"end":{"line":62,"column":82}},"18":{"start":{"line":63,"column":6},"end":{"line":63,"column":null}},"19":{"start":{"line":65,"column":6},"end":{"line":65,"column":null}},"20":{"start":{"line":66,"column":6},"end":{"line":70,"column":null}},"21":{"start":{"line":78,"column":4},"end":{"line":90,"column":null}},"22":{"start":{"line":79,"column":6},"end":{"line":79,"column":null}},"23":{"start":{"line":80,"column":23},"end":{"line":82,"column":8}},"24":{"start":{"line":83,"column":6},"end":{"line":83,"column":null}},"25":{"start":{"line":85,"column":6},"end":{"line":85,"column":null}},"26":{"start":{"line":86,"column":6},"end":{"line":90,"column":null}}},"fnMap":{"0":{"name":"(anonymous_0)","decl":{"start":{"line":17,"column":14},"end":{"line":17,"column":21}},"loc":{"start":{"line":17,"column":81},"end":{"line":52,"column":null}},"line":17},"1":{"name":"(anonymous_1)","decl":{"start":{"line":59,"column":22},"end":{"line":59,"column":67}},"loc":{"start":{"line":59,"column":67},"end":{"line":70,"column":null}},"line":59},"2":{"name":"(anonymous_2)","decl":{"start":{"line":77,"column":22},"end":{"line":77,"column":106}},"loc":{"start":{"line":77,"column":106},"end":{"line":90,"column":null}},"line":77}},"branchMap":{"0":{"loc":{"start":{"line":29,"column":6},"end":{"line":33,"column":null}},"type":"if","locations":[{"start":{"line":29,"column":6},"end":{"line":33,"column":null}},{"start":{},"end":{}}],"line":29},"1":{"loc":{"start":{"line":29,"column":10},"end":{"line":29,"column":45}},"type":"binary-expr","locations":[{"start":{"line":29,"column":10},"end":{"line":29,"column":30}},{"start":{"line":29,"column":30},"end":{"line":29,"column":45}}],"line":29},"2":{"loc":{"start":{"line":30,"column":8},"end":{"line":33,"column":null}},"type":"if","locations":[{"start":{"line":30,"column":8},"end":{"line":33,"column":null}},{"start":{"line":32,"column":19},"end":{"line":33,"column":null}}],"line":30},"3":{"loc":{"start":{"line":32,"column":19},"end":{"line":33,"column":null}},"type":"if","locations":[{"start":{"line":32,"column":19},"end":{"line":33,"column":null}},{"start":{},"end":{}}],"line":32},"4":{"loc":{"start":{"line":32,"column":19},"end":{"line":32,"column":89}},"type":"binary-expr","locations":[{"start":{"line":32,"column":19},"end":{"line":32,"column":56}},{"start":{"line":32,"column":56},"end":{"line":32,"column":89}}],"line":32},"5":{"loc":{"start":{"line":42,"column":23},"end":{"line":44,"column":null}},"type":"cond-expr","locations":[{"start":{"line":43,"column":10},"end":{"line":43,"column":null}},{"start":{"line":44,"column":10},"end":{"line":44,"column":null}}],"line":42},"6":{"loc":{"start":{"line":46,"column":52},"end":{"line":46,"column":86}},"type":"cond-expr","locations":[{"start":{"line":46,"column":73},"end":{"line":46,"column":77}},{"start":{"line":46,"column":77},"end":{"line":46,"column":86}}],"line":46},"7":{"loc":{"start":{"line":65,"column":55},"end":{"line":65,"column":89}},"type":"cond-expr","locations":[{"start":{"line":65,"column":76},"end":{"line":65,"column":80}},{"start":{"line":65,"column":80},"end":{"line":65,"column":89}}],"line":65},"8":{"loc":{"start":{"line":85,"column":47},"end":{"line":85,"column":81}},"type":"cond-expr","locations":[{"start":{"line":85,"column":68},"end":{"line":85,"column":72}},{"start":{"line":85,"column":72},"end":{"line":85,"column":81}}],"line":85}},"s":{"0":1,"1":1,"2":3,"3":3,"4":3,"5":2,"6":2,"7":2,"8":2,"9":0,"10":0,"11":2,"12":1,"13":1,"14":1,"15":0,"16":0,"17":0,"18":0,"19":0,"20":0,"21":0,"22":0,"23":0,"24":0,"25":0,"26":0},"f":{"0":3,"1":0,"2":0},"b":{"0":[2,0],"1":[2,2],"2":[2,0],"3":[0,0],"4":[0,0],"5":[0,1],"6":[1,0],"7":[0,0],"8":[0,0]},"meta":{"lastBranch":9,"lastFunction":3,"lastStatement":27,"seen":{"s:7:6:7:50":0,"s:13:35:93:Infinity":1,"f:17:14:17:21":0,"s:18:4:52:Infinity":2,"s:19:6:19:Infinity":3,"s:21:23:24:Infinity":4,"s:27:36:27:38":5,"b:29:6:33:Infinity:undefined:undefined:undefined:undefined":0,"s:29:6:33:Infinity":6,"b:29:10:29:30:29:30:29:45":1,"b:30:8:33:Infinity:32:19:33:Infinity":2,"s:30:8:33:Infinity":7,"s:31:10:31:Infinity":8,"b:32:19:33:Infinity:undefined:undefined:undefined:undefined":3,"s:32:19:33:Infinity":9,"b:32:19:32:56:32:56:32:89":4,"s:33:10:33:Infinity":10,"s:37:6:40:Infinity":11,"s:42:23:44:Infinity":12,"b:43:10:43:Infinity:44:10:44:Infinity":5,"s:46:6:46:Infinity":13,"b:46:73:46:77:46:77:46:86":6,"s:48:6:52:Infinity":14,"f:59:22:59:67":1,"s:60:4:70:Infinity":15,"s:61:6:61:Infinity":16,"s:62:23:62:82":17,"s:63:6:63:Infinity":18,"s:65:6:65:Infinity":19,"b:65:76:65:80:65:80:65:89":7,"s:66:6:70:Infinity":20,"f:77:22:77:106":2,"s:78:4:90:Infinity":21,"s:79:6:79:Infinity":22,"s:80:23:82:8":23,"s:83:6:83:Infinity":24,"s:85:6:85:Infinity":25,"b:85:68:85:72:85:72:85:81":8,"s:86:6:90:Infinity":26}}}
,"D:\\Users\\naruechatbu\\Work\\__Personal__\\DashboardGpilot\\Frontend\\src\\shared\\ui\\data-table.tsx": {"path":"D:\\Users\\naruechatbu\\Work\\__Personal__\\DashboardGpilot\\Frontend\\src\\shared\\ui\\data-table.tsx","statementMap":{"0":{"start":{"line":1,"column":0},"end":{"line":1,"column":null}},"1":{"start":{"line":99,"column":8},"end":{"line":99,"column":26}},"2":{"start":{"line":100,"column":17},"end":{"line":100,"column":null}},"3":{"start":{"line":101,"column":22},"end":{"line":101,"column":55}},"4":{"start":{"line":102,"column":15},"end":{"line":102,"column":37}},"5":{"start":{"line":103,"column":22},"end":{"line":103,"column":52}},"6":{"start":{"line":105,"column":8},"end":{"line":106,"column":null}},"7":{"start":{"line":106,"column":4},"end":{"line":106,"column":null}},"8":{"start":{"line":109,"column":8},"end":{"line":111,"column":null}},"9":{"start":{"line":110,"column":4},"end":{"line":110,"column":null}},"10":{"start":{"line":111,"column":4},"end":{"line":111,"column":null}},"11":{"start":{"line":114,"column":25},"end":{"line":114,"column":90}},"12":{"start":{"line":116,"column":2},"end":{"line":120,"column":null}},"13":{"start":{"line":117,"column":4},"end":{"line":120,"column":null}},"14":{"start":{"line":124,"column":8},"end":{"line":132,"column":null}},"15":{"start":{"line":125,"column":4},"end":{"line":125,"column":null}},"16":{"start":{"line":126,"column":4},"end":{"line":126,"column":null}},"17":{"start":{"line":127,"column":4},"end":{"line":127,"column":null}},"18":{"start":{"line":128,"column":4},"end":{"line":128,"column":null}},"19":{"start":{"line":129,"column":4},"end":{"line":129,"column":null}},"20":{"start":{"line":130,"column":4},"end":{"line":130,"column":null}},"21":{"start":{"line":131,"column":4},"end":{"line":131,"column":null}},"22":{"start":{"line":132,"column":4},"end":{"line":132,"column":null}},"23":{"start":{"line":135,"column":2},"end":{"line":641,"column":null}},"24":{"start":{"line":161,"column":31},"end":{"line":161,"column":61}},"25":{"start":{"line":183,"column":29},"end":{"line":183,"column":57}},"26":{"start":{"line":215,"column":37},"end":{"line":215,"column":78}},"27":{"start":{"line":232,"column":35},"end":{"line":232,"column":68}},"28":{"start":{"line":243,"column":35},"end":{"line":243,"column":66}},"29":{"start":{"line":257,"column":37},"end":{"line":257,"column":null}},"30":{"start":{"line":266,"column":37},"end":{"line":266,"column":null}},"31":{"start":{"line":280,"column":37},"end":{"line":280,"column":null}},"32":{"start":{"line":289,"column":37},"end":{"line":289,"column":null}},"33":{"start":{"line":317,"column":35},"end":{"line":317,"column":54}},"34":{"start":{"line":326,"column":35},"end":{"line":326,"column":51}},"35":{"start":{"line":335,"column":35},"end":{"line":335,"column":49}},"36":{"start":{"line":344,"column":35},"end":{"line":344,"column":51}},"37":{"start":{"line":353,"column":35},"end":{"line":353,"column":54}},"38":{"start":{"line":362,"column":22},"end":{"line":388,"column":null}},"39":{"start":{"line":363,"column":29},"end":{"line":363,"column":null}},"40":{"start":{"line":364,"column":32},"end":{"line":364,"column":null}},"41":{"start":{"line":365,"column":30},"end":{"line":365,"column":null}},"42":{"start":{"line":367,"column":18},"end":{"line":374,"column":null}},"43":{"start":{"line":368,"column":20},"end":{"line":368,"column":null}},"44":{"start":{"line":369,"column":20},"end":{"line":369,"column":null}},"45":{"start":{"line":370,"column":20},"end":{"line":370,"column":null}},"46":{"start":{"line":371,"column":29},"end":{"line":374,"column":null}},"47":{"start":{"line":372,"column":20},"end":{"line":372,"column":null}},"48":{"start":{"line":373,"column":20},"end":{"line":373,"column":null}},"49":{"start":{"line":374,"column":20},"end":{"line":374,"column":null}},"50":{"start":{"line":377,"column":18},"end":{"line":388,"column":null}},"51":{"start":{"line":392,"column":22},"end":{"line":395,"column":null}},"52":{"start":{"line":393,"column":18},"end":{"line":393,"column":null}},"53":{"start":{"line":393,"column":42},"end":{"line":393,"column":null}},"54":{"start":{"line":394,"column":18},"end":{"line":394,"column":null}},"55":{"start":{"line":394,"column":42},"end":{"line":394,"column":null}},"56":{"start":{"line":395,"column":18},"end":{"line":395,"column":null}},"57":{"start":{"line":398,"column":16},"end":{"line":428,"column":null}},"58":{"start":{"line":459,"column":31},"end":{"line":459,"column":null}},"59":{"start":{"line":460,"column":31},"end":{"line":460,"column":null}},"60":{"start":{"line":462,"column":30},"end":{"line":462,"column":null}},"61":{"start":{"line":463,"column":12},"end":{"line":464,"column":null}},"62":{"start":{"line":463,"column":28},"end":{"line":463,"column":null}},"63":{"start":{"line":464,"column":21},"end":{"line":464,"column":null}},"64":{"start":{"line":464,"column":33},"end":{"line":464,"column":null}},"65":{"start":{"line":466,"column":28},"end":{"line":466,"column":null}},"66":{"start":{"line":467,"column":12},"end":{"line":468,"column":null}},"67":{"start":{"line":467,"column":37},"end":{"line":467,"column":null}},"68":{"start":{"line":468,"column":21},"end":{"line":468,"column":null}},"69":{"start":{"line":468,"column":43},"end":{"line":468,"column":null}},"70":{"start":{"line":470,"column":12},"end":{"line":521,"column":null}}},"fnMap":{"0":{"name":"DataTable","decl":{"start":{"line":71,"column":16},"end":{"line":71,"column":26}},"loc":{"start":{"line":98,"column":29},"end":{"line":641,"column":null}},"line":98},"1":{"name":"(anonymous_1)","decl":{"start":{"line":105,"column":8},"end":{"line":105,"column":28}},"loc":{"start":{"line":105,"column":65},"end":{"line":106,"column":null}},"line":105},"2":{"name":"(anonymous_2)","decl":{"start":{"line":109,"column":8},"end":{"line":109,"column":35}},"loc":{"start":{"line":109,"column":82},"end":{"line":111,"column":null}},"line":109},"3":{"name":"(anonymous_3)","decl":{"start":{"line":124,"column":8},"end":{"line":124,"column":35}},"loc":{"start":{"line":124,"column":35},"end":{"line":132,"column":null}},"line":124},"4":{"name":"(anonymous_4)","decl":{"start":{"line":161,"column":14},"end":{"line":161,"column":25}},"loc":{"start":{"line":161,"column":31},"end":{"line":161,"column":61}},"line":161},"5":{"name":"(anonymous_5)","decl":{"start":{"line":183,"column":14},"end":{"line":183,"column":29}},"loc":{"start":{"line":183,"column":29},"end":{"line":183,"column":57}},"line":183},"6":{"name":"(anonymous_6)","decl":{"start":{"line":215,"column":20},"end":{"line":215,"column":31}},"loc":{"start":{"line":215,"column":37},"end":{"line":215,"column":78}},"line":215},"7":{"name":"(anonymous_7)","decl":{"start":{"line":232,"column":18},"end":{"line":232,"column":29}},"loc":{"start":{"line":232,"column":35},"end":{"line":232,"column":68}},"line":232},"8":{"name":"(anonymous_8)","decl":{"start":{"line":243,"column":18},"end":{"line":243,"column":29}},"loc":{"start":{"line":243,"column":35},"end":{"line":243,"column":66}},"line":243},"9":{"name":"(anonymous_9)","decl":{"start":{"line":257,"column":20},"end":{"line":257,"column":31}},"loc":{"start":{"line":257,"column":37},"end":{"line":257,"column":null}},"line":257},"10":{"name":"(anonymous_10)","decl":{"start":{"line":266,"column":20},"end":{"line":266,"column":31}},"loc":{"start":{"line":266,"column":37},"end":{"line":266,"column":null}},"line":266},"11":{"name":"(anonymous_11)","decl":{"start":{"line":280,"column":20},"end":{"line":280,"column":31}},"loc":{"start":{"line":280,"column":37},"end":{"line":280,"column":null}},"line":280},"12":{"name":"(anonymous_12)","decl":{"start":{"line":289,"column":20},"end":{"line":289,"column":31}},"loc":{"start":{"line":289,"column":37},"end":{"line":289,"column":null}},"line":289},"13":{"name":"(anonymous_13)","decl":{"start":{"line":317,"column":20},"end":{"line":317,"column":35}},"loc":{"start":{"line":317,"column":35},"end":{"line":317,"column":54}},"line":317},"14":{"name":"(anonymous_14)","decl":{"start":{"line":326,"column":20},"end":{"line":326,"column":35}},"loc":{"start":{"line":326,"column":35},"end":{"line":326,"column":51}},"line":326},"15":{"name":"(anonymous_15)","decl":{"start":{"line":335,"column":20},"end":{"line":335,"column":35}},"loc":{"start":{"line":335,"column":35},"end":{"line":335,"column":49}},"line":335},"16":{"name":"(anonymous_16)","decl":{"start":{"line":344,"column":20},"end":{"line":344,"column":35}},"loc":{"start":{"line":344,"column":35},"end":{"line":344,"column":51}},"line":344},"17":{"name":"(anonymous_17)","decl":{"start":{"line":353,"column":20},"end":{"line":353,"column":35}},"loc":{"start":{"line":353,"column":35},"end":{"line":353,"column":54}},"line":353},"18":{"name":"(anonymous_18)","decl":{"start":{"line":361,"column":30},"end":{"line":361,"column":35}},"loc":{"start":{"line":361,"column":44},"end":{"line":430,"column":null}},"line":361},"19":{"name":"(anonymous_19)","decl":{"start":{"line":362,"column":22},"end":{"line":362,"column":49}},"loc":{"start":{"line":362,"column":49},"end":{"line":388,"column":null}},"line":362},"20":{"name":"(anonymous_20)","decl":{"start":{"line":392,"column":22},"end":{"line":392,"column":49}},"loc":{"start":{"line":392,"column":49},"end":{"line":395,"column":null}},"line":392},"21":{"name":"(anonymous_21)","decl":{"start":{"line":458,"column":26},"end":{"line":458,"column":31}},"loc":{"start":{"line":458,"column":40},"end":{"line":523,"column":null}},"line":458}},"branchMap":{"0":{"loc":{"start":{"line":116,"column":2},"end":{"line":120,"column":null}},"type":"if","locations":[{"start":{"line":116,"column":2},"end":{"line":120,"column":null}},{"start":{},"end":{}}],"line":116},"1":{"loc":{"start":{"line":175,"column":27},"end":{"line":175,"column":null}},"type":"cond-expr","locations":[{"start":{"line":175,"column":36},"end":{"line":175,"column":66}},{"start":{"line":175,"column":66},"end":{"line":175,"column":null}}],"line":175},"2":{"loc":{"start":{"line":177,"column":33},"end":{"line":177,"column":null}},"type":"cond-expr","locations":[{"start":{"line":177,"column":42},"end":{"line":177,"column":71}},{"start":{"line":177,"column":71},"end":{"line":177,"column":null}}],"line":177},"3":{"loc":{"start":{"line":184,"column":21},"end":{"line":184,"column":null}},"type":"cond-expr","locations":[{"start":{"line":184,"column":35},"end":{"line":184,"column":47}},{"start":{"line":184,"column":47},"end":{"line":184,"column":null}}],"line":184},"4":{"loc":{"start":{"line":186,"column":24},"end":{"line":186,"column":null}},"type":"cond-expr","locations":[{"start":{"line":186,"column":33},"end":{"line":186,"column":72}},{"start":{"line":186,"column":72},"end":{"line":186,"column":null}}],"line":186},"5":{"loc":{"start":{"line":188,"column":25},"end":{"line":188,"column":null}},"type":"cond-expr","locations":[{"start":{"line":188,"column":39},"end":{"line":188,"column":75}},{"start":{"line":188,"column":75},"end":{"line":188,"column":null}}],"line":188},"6":{"loc":{"start":{"line":202,"column":23},"end":{"line":202,"column":null}},"type":"cond-expr","locations":[{"start":{"line":202,"column":32},"end":{"line":202,"column":62}},{"start":{"line":202,"column":62},"end":{"line":202,"column":null}}],"line":202},"7":{"loc":{"start":{"line":316,"column":31},"end":{"line":316,"column":null}},"type":"cond-expr","locations":[{"start":{"line":316,"column":59},"end":{"line":316,"column":75}},{"start":{"line":316,"column":75},"end":{"line":316,"column":null}}],"line":316},"8":{"loc":{"start":{"line":325,"column":31},"end":{"line":325,"column":null}},"type":"cond-expr","locations":[{"start":{"line":325,"column":56},"end":{"line":325,"column":72}},{"start":{"line":325,"column":72},"end":{"line":325,"column":null}}],"line":325},"9":{"loc":{"start":{"line":334,"column":31},"end":{"line":334,"column":null}},"type":"cond-expr","locations":[{"start":{"line":334,"column":54},"end":{"line":334,"column":70}},{"start":{"line":334,"column":70},"end":{"line":334,"column":null}}],"line":334},"10":{"loc":{"start":{"line":343,"column":31},"end":{"line":343,"column":null}},"type":"cond-expr","locations":[{"start":{"line":343,"column":56},"end":{"line":343,"column":72}},{"start":{"line":343,"column":72},"end":{"line":343,"column":null}}],"line":343},"11":{"loc":{"start":{"line":352,"column":31},"end":{"line":352,"column":null}},"type":"cond-expr","locations":[{"start":{"line":352,"column":59},"end":{"line":352,"column":75}},{"start":{"line":352,"column":75},"end":{"line":352,"column":null}}],"line":352},"12":{"loc":{"start":{"line":367,"column":18},"end":{"line":374,"column":null}},"type":"if","locations":[{"start":{"line":367,"column":18},"end":{"line":374,"column":null}},{"start":{"line":371,"column":29},"end":{"line":374,"column":null}}],"line":367},"13":{"loc":{"start":{"line":371,"column":29},"end":{"line":374,"column":null}},"type":"if","locations":[{"start":{"line":371,"column":29},"end":{"line":374,"column":null}},{"start":{},"end":{}}],"line":371},"14":{"loc":{"start":{"line":393,"column":18},"end":{"line":393,"column":null}},"type":"if","locations":[{"start":{"line":393,"column":18},"end":{"line":393,"column":null}},{"start":{},"end":{}}],"line":393},"15":{"loc":{"start":{"line":394,"column":18},"end":{"line":394,"column":null}},"type":"if","locations":[{"start":{"line":394,"column":18},"end":{"line":394,"column":null}},{"start":{},"end":{}}],"line":394},"16":{"loc":{"start":{"line":402,"column":44},"end":{"line":402,"column":109}},"type":"cond-expr","locations":[{"start":{"line":402,"column":53},"end":{"line":402,"column":83}},{"start":{"line":402,"column":83},"end":{"line":402,"column":109}}],"line":402},"17":{"loc":{"start":{"line":409,"column":23},"end":{"line":409,"column":null}},"type":"binary-expr","locations":[{"start":{"line":409,"column":23},"end":{"line":409,"column":38}},{"start":{"line":409,"column":38},"end":{"line":409,"column":null}}],"line":409},"18":{"loc":{"start":{"line":426,"column":23},"end":{"line":426,"column":53}},"type":"cond-expr","locations":[{"start":{"line":426,"column":44},"end":{"line":426,"column":50}},{"start":{"line":426,"column":50},"end":{"line":426,"column":53}}],"line":426},"19":{"loc":{"start":{"line":433,"column":39},"end":{"line":433,"column":104}},"type":"cond-expr","locations":[{"start":{"line":433,"column":48},"end":{"line":433,"column":77}},{"start":{"line":433,"column":77},"end":{"line":433,"column":104}}],"line":433},"20":{"loc":{"start":{"line":436,"column":71},"end":{"line":436,"column":122}},"type":"cond-expr","locations":[{"start":{"line":436,"column":91},"end":{"line":436,"column":108}},{"start":{"line":436,"column":108},"end":{"line":436,"column":122}}],"line":436},"21":{"loc":{"start":{"line":437,"column":19},"end":{"line":437,"column":48}},"type":"cond-expr","locations":[{"start":{"line":437,"column":39},"end":{"line":437,"column":45}},{"start":{"line":437,"column":45},"end":{"line":437,"column":48}}],"line":437},"22":{"loc":{"start":{"line":463,"column":12},"end":{"line":464,"column":null}},"type":"if","locations":[{"start":{"line":463,"column":12},"end":{"line":464,"column":null}},{"start":{"line":464,"column":21},"end":{"line":464,"column":null}}],"line":463},"23":{"loc":{"start":{"line":464,"column":21},"end":{"line":464,"column":null}},"type":"if","locations":[{"start":{"line":464,"column":21},"end":{"line":464,"column":null}},{"start":{},"end":{}}],"line":464},"24":{"loc":{"start":{"line":467,"column":12},"end":{"line":468,"column":null}},"type":"if","locations":[{"start":{"line":467,"column":12},"end":{"line":468,"column":null}},{"start":{"line":468,"column":21},"end":{"line":468,"column":null}}],"line":467},"25":{"loc":{"start":{"line":468,"column":21},"end":{"line":468,"column":null}},"type":"if","locations":[{"start":{"line":468,"column":21},"end":{"line":468,"column":null}},{"start":{},"end":{}}],"line":468},"26":{"loc":{"start":{"line":478,"column":27},"end":{"line":478,"column":null}},"type":"cond-expr","locations":[{"start":{"line":478,"column":36},"end":{"line":478,"column":66}},{"start":{"line":478,"column":66},"end":{"line":478,"column":null}}],"line":478},"27":{"loc":{"start":{"line":484,"column":23},"end":{"line":484,"column":null}},"type":"binary-expr","locations":[{"start":{"line":484,"column":23},"end":{"line":484,"column":38}},{"start":{"line":484,"column":38},"end":{"line":484,"column":null}}],"line":484},"28":{"loc":{"start":{"line":498,"column":21},"end":{"line":498,"column":43}},"type":"cond-expr","locations":[{"start":{"line":498,"column":34},"end":{"line":498,"column":40}},{"start":{"line":498,"column":40},"end":{"line":498,"column":43}}],"line":498},"29":{"loc":{"start":{"line":536,"column":11},"end":{"line":539,"column":null}},"type":"binary-expr","locations":[{"start":{"line":536,"column":11},"end":{"line":536,"column":null}},{"start":{"line":537,"column":12},"end":{"line":539,"column":null}}],"line":536},"30":{"loc":{"start":{"line":547,"column":21},"end":{"line":547,"column":null}},"type":"cond-expr","locations":[{"start":{"line":547,"column":30},"end":{"line":547,"column":60}},{"start":{"line":547,"column":60},"end":{"line":547,"column":null}}],"line":547},"31":{"loc":{"start":{"line":548,"column":20},"end":{"line":548,"column":null}},"type":"cond-expr","locations":[{"start":{"line":548,"column":29},"end":{"line":548,"column":69}},{"start":{"line":548,"column":69},"end":{"line":548,"column":null}}],"line":548},"32":{"loc":{"start":{"line":617,"column":25},"end":{"line":617,"column":null}},"type":"cond-expr","locations":[{"start":{"line":617,"column":45},"end":{"line":617,"column":62}},{"start":{"line":617,"column":62},"end":{"line":617,"column":null}}],"line":617},"33":{"loc":{"start":{"line":620,"column":17},"end":{"line":620,"column":45}},"type":"cond-expr","locations":[{"start":{"line":620,"column":36},"end":{"line":620,"column":42}},{"start":{"line":620,"column":42},"end":{"line":620,"column":45}}],"line":620},"34":{"loc":{"start":{"line":635,"column":19},"end":{"line":635,"column":79}},"type":"binary-expr","locations":[{"start":{"line":635,"column":19},"end":{"line":635,"column":76}},{"start":{"line":635,"column":76},"end":{"line":635,"column":79}}],"line":635}},"s":{"0":1,"1":3,"2":3,"3":3,"4":3,"5":3,"6":3,"7":0,"8":3,"9":0,"10":0,"11":3,"12":3,"13":1,"14":2,"15":0,"16":0,"17":0,"18":0,"19":0,"20":0,"21":0,"22":0,"23":2,"24":1,"25":0,"26":0,"27":0,"28":0,"29":0,"30":0,"31":0,"32":0,"33":0,"34":0,"35":0,"36":0,"37":0,"38":4,"39":4,"40":4,"41":4,"42":4,"43":2,"44":2,"45":2,"46":2,"47":2,"48":2,"49":2,"50":4,"51":4,"52":4,"53":4,"54":0,"55":0,"56":0,"57":4,"58":4,"59":4,"60":4,"61":4,"62":4,"63":0,"64":0,"65":4,"66":4,"67":2,"68":2,"69":2,"70":4},"f":{"0":3,"1":0,"2":0,"3":0,"4":1,"5":0,"6":0,"7":0,"8":0,"9":0,"10":0,"11":0,"12":0,"13":0,"14":0,"15":0,"16":0,"17":0,"18":4,"19":4,"20":4,"21":4},"b":{"0":[1,2],"1":[0,2],"2":[0,2],"3":[0,2],"4":[0,2],"5":[0,2],"6":[0,2],"7":[2,0],"8":[0,2],"9":[0,2],"10":[0,2],"11":[0,2],"12":[2,2],"13":[2,0],"14":[4,0],"15":[0,0],"16":[0,4],"17":[4,0],"18":[4,0],"19":[0,2],"20":[2,0],"21":[2,0],"22":[4,0],"23":[0,0],"24":[2,2],"25":[2,0],"26":[0,4],"27":[4,0],"28":[4,0],"29":[3,0],"30":[0,2],"31":[0,2],"32":[2,0],"33":[2,0],"34":[3,2]},"meta":{"lastBranch":35,"lastFunction":22,"lastStatement":71,"seen":{"s:1:0:1:Infinity":0,"f:71:16:71:26":0,"s:99:8:99:26":1,"s:100:17:100:Infinity":2,"s:101:22:101:55":3,"s:102:15:102:37":4,"s:103:22:103:52":5,"s:105:8:106:Infinity":6,"f:105:8:105:28":1,"s:106:4:106:Infinity":7,"s:109:8:111:Infinity":8,"f:109:8:109:35":2,"s:110:4:110:Infinity":9,"s:111:4:111:Infinity":10,"s:114:25:114:90":11,"b:116:2:120:Infinity:undefined:undefined:undefined:undefined":0,"s:116:2:120:Infinity":12,"s:117:4:120:Infinity":13,"s:124:8:132:Infinity":14,"f:124:8:124:35":3,"s:125:4:125:Infinity":15,"s:126:4:126:Infinity":16,"s:127:4:127:Infinity":17,"s:128:4:128:Infinity":18,"s:129:4:129:Infinity":19,"s:130:4:130:Infinity":20,"s:131:4:131:Infinity":21,"s:132:4:132:Infinity":22,"s:135:2:641:Infinity":23,"f:161:14:161:25":4,"s:161:31:161:61":24,"b:175:36:175:66:175:66:175:Infinity":1,"b:177:42:177:71:177:71:177:Infinity":2,"f:183:14:183:29":5,"s:183:29:183:57":25,"b:184:35:184:47:184:47:184:Infinity":3,"b:186:33:186:72:186:72:186:Infinity":4,"b:188:39:188:75:188:75:188:Infinity":5,"b:202:32:202:62:202:62:202:Infinity":6,"f:215:20:215:31":6,"s:215:37:215:78":26,"f:232:18:232:29":7,"s:232:35:232:68":27,"f:243:18:243:29":8,"s:243:35:243:66":28,"f:257:20:257:31":9,"s:257:37:257:Infinity":29,"f:266:20:266:31":10,"s:266:37:266:Infinity":30,"f:280:20:280:31":11,"s:280:37:280:Infinity":31,"f:289:20:289:31":12,"s:289:37:289:Infinity":32,"b:316:59:316:75:316:75:316:Infinity":7,"f:317:20:317:35":13,"s:317:35:317:54":33,"b:325:56:325:72:325:72:325:Infinity":8,"f:326:20:326:35":14,"s:326:35:326:51":34,"b:334:54:334:70:334:70:334:Infinity":9,"f:335:20:335:35":15,"s:335:35:335:49":35,"b:343:56:343:72:343:72:343:Infinity":10,"f:344:20:344:35":16,"s:344:35:344:51":36,"b:352:59:352:75:352:75:352:Infinity":11,"f:353:20:353:35":17,"s:353:35:353:54":37,"f:361:30:361:35":18,"s:362:22:388:Infinity":38,"f:362:22:362:49":19,"s:363:29:363:Infinity":39,"s:364:32:364:Infinity":40,"s:365:30:365:Infinity":41,"b:367:18:374:Infinity:371:29:374:Infinity":12,"s:367:18:374:Infinity":42,"s:368:20:368:Infinity":43,"s:369:20:369:Infinity":44,"s:370:20:370:Infinity":45,"b:371:29:374:Infinity:undefined:undefined:undefined:undefined":13,"s:371:29:374:Infinity":46,"s:372:20:372:Infinity":47,"s:373:20:373:Infinity":48,"s:374:20:374:Infinity":49,"s:377:18:388:Infinity":50,"s:392:22:395:Infinity":51,"f:392:22:392:49":20,"b:393:18:393:Infinity:undefined:undefined:undefined:undefined":14,"s:393:18:393:Infinity":52,"s:393:42:393:Infinity":53,"b:394:18:394:Infinity:undefined:undefined:undefined:undefined":15,"s:394:18:394:Infinity":54,"s:394:42:394:Infinity":55,"s:395:18:395:Infinity":56,"s:398:16:428:Infinity":57,"b:402:53:402:83:402:83:402:109":16,"b:409:23:409:38:409:38:409:Infinity":17,"b:426:44:426:50:426:50:426:53":18,"b:433:48:433:77:433:77:433:104":19,"b:436:91:436:108:436:108:436:122":20,"b:437:39:437:45:437:45:437:48":21,"f:458:26:458:31":21,"s:459:31:459:Infinity":58,"s:460:31:460:Infinity":59,"s:462:30:462:Infinity":60,"b:463:12:464:Infinity:464:21:464:Infinity":22,"s:463:12:464:Infinity":61,"s:463:28:463:Infinity":62,"b:464:21:464:Infinity:undefined:undefined:undefined:undefined":23,"s:464:21:464:Infinity":63,"s:464:33:464:Infinity":64,"s:466:28:466:Infinity":65,"b:467:12:468:Infinity:468:21:468:Infinity":24,"s:467:12:468:Infinity":66,"s:467:37:467:Infinity":67,"b:468:21:468:Infinity:undefined:undefined:undefined:undefined":25,"s:468:21:468:Infinity":68,"s:468:43:468:Infinity":69,"s:470:12:521:Infinity":70,"b:478:36:478:66:478:66:478:Infinity":26,"b:484:23:484:38:484:38:484:Infinity":27,"b:498:34:498:40:498:40:498:43":28,"b:536:11:536:Infinity:537:12:539:Infinity":29,"b:547:30:547:60:547:60:547:Infinity":30,"b:548:29:548:69:548:69:548:Infinity":31,"b:617:45:617:62:617:62:617:Infinity":32,"b:620:36:620:42:620:42:620:45":33,"b:635:19:635:76:635:76:635:79":34}}}
,"D:\\Users\\naruechatbu\\Work\\__Personal__\\DashboardGpilot\\Frontend\\src\\shared\\ui\\metric-card.tsx": {"path":"D:\\Users\\naruechatbu\\Work\\__Personal__\\DashboardGpilot\\Frontend\\src\\shared\\ui\\metric-card.tsx","statementMap":{"0":{"start":{"line":1,"column":0},"end":{"line":1,"column":null}},"1":{"start":{"line":23,"column":8},"end":{"line":30,"column":null}},"2":{"start":{"line":24,"column":4},"end":{"line":30,"column":null}},"3":{"start":{"line":26,"column":8},"end":{"line":26,"column":null}},"4":{"start":{"line":28,"column":8},"end":{"line":28,"column":null}},"5":{"start":{"line":30,"column":8},"end":{"line":30,"column":null}},"6":{"start":{"line":34,"column":2},"end":{"line":97,"column":null}},"7":{"start":{"line":84,"column":16},"end":{"line":86,"column":null}}},"fnMap":{"0":{"name":"MetricCard","decl":{"start":{"line":15,"column":16},"end":{"line":15,"column":27}},"loc":{"start":{"line":22,"column":30},"end":{"line":97,"column":null}},"line":22},"1":{"name":"(anonymous_1)","decl":{"start":{"line":23,"column":8},"end":{"line":23,"column":31}},"loc":{"start":{"line":23,"column":31},"end":{"line":30,"column":null}},"line":23},"2":{"name":"(anonymous_2)","decl":{"start":{"line":83,"column":14},"end":{"line":83,"column":24}},"loc":{"start":{"line":84,"column":16},"end":{"line":86,"column":null}},"line":84}},"branchMap":{"0":{"loc":{"start":{"line":19,"column":2},"end":{"line":19,"column":null}},"type":"default-arg","locations":[{"start":{"line":19,"column":15},"end":{"line":19,"column":null}}],"line":19},"1":{"loc":{"start":{"line":21,"column":2},"end":{"line":21,"column":null}},"type":"default-arg","locations":[{"start":{"line":21,"column":14},"end":{"line":21,"column":null}}],"line":21},"2":{"loc":{"start":{"line":24,"column":4},"end":{"line":30,"column":null}},"type":"switch","locations":[{"start":{"line":25,"column":6},"end":{"line":26,"column":null}},{"start":{"line":27,"column":6},"end":{"line":28,"column":null}},{"start":{"line":29,"column":6},"end":{"line":30,"column":null}}],"line":24},"3":{"loc":{"start":{"line":63,"column":13},"end":{"line":75,"column":null}},"type":"binary-expr","locations":[{"start":{"line":63,"column":13},"end":{"line":63,"column":null}},{"start":{"line":64,"column":14},"end":{"line":75,"column":null}}],"line":63},"4":{"loc":{"start":{"line":84,"column":16},"end":{"line":86,"column":null}},"type":"cond-expr","locations":[{"start":{"line":85,"column":20},"end":{"line":85,"column":null}},{"start":{"line":86,"column":20},"end":{"line":86,"column":null}}],"line":84}},"s":{"0":1,"1":3,"2":2,"3":2,"4":0,"5":0,"6":3,"7":3},"f":{"0":3,"1":2,"2":3},"b":{"0":[3],"1":[3],"2":[2,0,0],"3":[3,2],"4":[0,3]},"meta":{"lastBranch":5,"lastFunction":3,"lastStatement":8,"seen":{"s:1:0:1:Infinity":0,"f:15:16:15:27":0,"b:19:15:19:Infinity":0,"b:21:14:21:Infinity":1,"s:23:8:30:Infinity":1,"f:23:8:23:31":1,"b:25:6:26:Infinity:27:6:28:Infinity:29:6:30:Infinity":2,"s:24:4:30:Infinity":2,"s:26:8:26:Infinity":3,"s:28:8:28:Infinity":4,"s:30:8:30:Infinity":5,"s:34:2:97:Infinity":6,"b:63:13:63:Infinity:64:14:75:Infinity":3,"f:83:14:83:24":2,"s:84:16:86:Infinity":7,"b:85:20:85:Infinity:86:20:86:Infinity":4}}}
,"D:\\Users\\naruechatbu\\Work\\__Personal__\\DashboardGpilot\\Frontend\\src\\shared\\ui\\toast.tsx": {"path":"D:\\Users\\naruechatbu\\Work\\__Personal__\\DashboardGpilot\\Frontend\\src\\shared\\ui\\toast.tsx","statementMap":{"0":{"start":{"line":1,"column":0},"end":{"line":1,"column":null}},"1":{"start":{"line":26,"column":8},"end":{"line":28,"column":null}},"2":{"start":{"line":27,"column":4},"end":{"line":27,"column":null}},"3":{"start":{"line":27,"column":32},"end":{"line":27,"column":null}},"4":{"start":{"line":28,"column":4},"end":{"line":28,"column":null}},"5":{"start":{"line":31,"column":19},"end":{"line":31,"column":null}},"6":{"start":{"line":33,"column":2},"end":{"line":49,"column":null}}},"fnMap":{"0":{"name":"Toast","decl":{"start":{"line":18,"column":16},"end":{"line":18,"column":22}},"loc":{"start":{"line":25,"column":25},"end":{"line":49,"column":null}},"line":25},"1":{"name":"(anonymous_1)","decl":{"start":{"line":26,"column":8},"end":{"line":26,"column":23}},"loc":{"start":{"line":26,"column":77},"end":{"line":28,"column":null}},"line":26}},"branchMap":{"0":{"loc":{"start":{"line":21,"column":2},"end":{"line":21,"column":null}},"type":"default-arg","locations":[{"start":{"line":21,"column":12},"end":{"line":21,"column":null}}],"line":21},"1":{"loc":{"start":{"line":27,"column":4},"end":{"line":27,"column":null}},"type":"if","locations":[{"start":{"line":27,"column":4},"end":{"line":27,"column":null}},{"start":{},"end":{}}],"line":27},"2":{"loc":{"start":{"line":31,"column":19},"end":{"line":31,"column":null}},"type":"cond-expr","locations":[{"start":{"line":31,"column":47},"end":{"line":31,"column":57}},{"start":{"line":31,"column":57},"end":{"line":31,"column":null}}],"line":31},"3":{"loc":{"start":{"line":31,"column":57},"end":{"line":31,"column":null}},"type":"cond-expr","locations":[{"start":{"line":31,"column":81},"end":{"line":31,"column":90}},{"start":{"line":31,"column":90},"end":{"line":31,"column":null}}],"line":31},"4":{"loc":{"start":{"line":46,"column":9},"end":{"line":47,"column":null}},"type":"binary-expr","locations":[{"start":{"line":46,"column":9},"end":{"line":46,"column":18}},{"start":{"line":46,"column":18},"end":{"line":47,"column":null}}],"line":46}},"s":{"0":1,"1":3,"2":1,"3":0,"4":1,"5":3,"6":3},"f":{"0":3,"1":1},"b":{"0":[3],"1":[0,1],"2":[0,3],"3":[2,1],"4":[3,3]},"meta":{"lastBranch":5,"lastFunction":2,"lastStatement":7,"seen":{"s:1:0:1:Infinity":0,"f:18:16:18:22":0,"b:21:12:21:Infinity":0,"s:26:8:28:Infinity":1,"f:26:8:26:23":1,"b:27:4:27:Infinity:undefined:undefined:undefined:undefined":1,"s:27:4:27:Infinity":2,"s:27:32:27:Infinity":3,"s:28:4:28:Infinity":4,"s:31:19:31:Infinity":5,"b:31:47:31:57:31:57:31:Infinity":2,"b:31:81:31:90:31:90:31:Infinity":3,"s:33:2:49:Infinity":6,"b:46:9:46:18:46:18:47:Infinity":4}}}
,"D:\\Users\\naruechatbu\\Work\\__Personal__\\DashboardGpilot\\Frontend\\src\\shared\\utils\\crypto.ts": {"path":"D:\\Users\\naruechatbu\\Work\\__Personal__\\DashboardGpilot\\Frontend\\src\\shared\\utils\\crypto.ts","statementMap":{"0":{"start":{"line":13,"column":4},"end":{"line":50,"column":null}},"1":{"start":{"line":15,"column":24},"end":{"line":16,"column":null}},"2":{"start":{"line":16,"column":47},"end":{"line":16,"column":65}},"3":{"start":{"line":19,"column":18},"end":{"line":24,"column":null}},"4":{"start":{"line":28,"column":20},"end":{"line":28,"column":62}},"5":{"start":{"line":31,"column":31},"end":{"line":31,"column":66}},"6":{"start":{"line":32,"column":30},"end":{"line":38,"column":null}},"7":{"start":{"line":42,"column":23},"end":{"line":42,"column":80}},"8":{"start":{"line":43,"column":6},"end":{"line":43,"column":null}},"9":{"start":{"line":44,"column":6},"end":{"line":44,"column":null}},"10":{"start":{"line":47,"column":6},"end":{"line":47,"column":null}},"11":{"start":{"line":49,"column":6},"end":{"line":49,"column":null}},"12":{"start":{"line":50,"column":6},"end":{"line":50,"column":null}}},"fnMap":{"0":{"name":"(anonymous_0)","decl":{"start":{"line":12,"column":15},"end":{"line":12,"column":23}},"loc":{"start":{"line":12,"column":75},"end":{"line":50,"column":null}},"line":12},"1":{"name":"(anonymous_1)","decl":{"start":{"line":16,"column":33},"end":{"line":16,"column":38}},"loc":{"start":{"line":16,"column":47},"end":{"line":16,"column":65}},"line":16}},"branchMap":{},"s":{"0":4,"1":4,"2":101,"3":4,"4":3,"5":3,"6":3,"7":3,"8":3,"9":3,"10":3,"11":1,"12":1},"f":{"0":1,"1":101},"b":{},"meta":{"lastBranch":0,"lastFunction":2,"lastStatement":13,"seen":{"f:12:15:12:23":0,"s:13:4:50:Infinity":0,"s:15:24:16:Infinity":1,"f:16:33:16:38":1,"s:16:47:16:65":2,"s:19:18:24:Infinity":3,"s:28:20:28:62":4,"s:31:31:31:66":5,"s:32:30:38:Infinity":6,"s:42:23:42:80":7,"s:43:6:43:Infinity":8,"s:44:6:44:Infinity":9,"s:47:6:47:Infinity":10,"s:49:6:49:Infinity":11,"s:50:6:50:Infinity":12}}}
,"D:\\Users\\naruechatbu\\Work\\__Personal__\\DashboardGpilot\\Frontend\\src\\shared\\utils\\date-utils.ts": {"path":"D:\\Users\\naruechatbu\\Work\\__Personal__\\DashboardGpilot\\Frontend\\src\\shared\\utils\\date-utils.ts","statementMap":{"0":{"start":{"line":7,"column":17},"end":{"line":7,"column":31}},"1":{"start":{"line":8,"column":14},"end":{"line":8,"column":29}},"2":{"start":{"line":14,"column":15},"end":{"line":14,"column":null}},"3":{"start":{"line":16,"column":2},"end":{"line":16,"column":null}},"4":{"start":{"line":17,"column":2},"end":{"line":17,"column":null}},"5":{"start":{"line":19,"column":2},"end":{"line":19,"column":null}},"6":{"start":{"line":26,"column":2},"end":{"line":26,"column":null}},"7":{"start":{"line":33,"column":2},"end":{"line":33,"column":null}}},"fnMap":{"0":{"name":"getMostRecentMonday","decl":{"start":{"line":6,"column":16},"end":{"line":6,"column":36}},"loc":{"start":{"line":6,"column":67},"end":{"line":19,"column":null}},"line":6},"1":{"name":"toISODateString","decl":{"start":{"line":25,"column":16},"end":{"line":25,"column":32}},"loc":{"start":{"line":25,"column":52},"end":{"line":26,"column":null}},"line":25},"2":{"name":"toFullISOString","decl":{"start":{"line":32,"column":16},"end":{"line":32,"column":32}},"loc":{"start":{"line":32,"column":52},"end":{"line":33,"column":null}},"line":32}},"branchMap":{"0":{"loc":{"start":{"line":6,"column":36},"end":{"line":6,"column":59}},"type":"default-arg","locations":[{"start":{"line":6,"column":49},"end":{"line":6,"column":59}}],"line":6},"1":{"loc":{"start":{"line":14,"column":15},"end":{"line":14,"column":null}},"type":"cond-expr","locations":[{"start":{"line":14,"column":27},"end":{"line":14,"column":31}},{"start":{"line":14,"column":31},"end":{"line":14,"column":null}}],"line":14}},"s":{"0":3,"1":3,"2":3,"3":3,"4":3,"5":3,"6":1,"7":1},"f":{"0":3,"1":1,"2":1},"b":{"0":[3],"1":[1,2]},"meta":{"lastBranch":2,"lastFunction":3,"lastStatement":8,"seen":{"f:6:16:6:36":0,"b:6:49:6:59":0,"s:7:17:7:31":0,"s:8:14:8:29":1,"s:14:15:14:Infinity":2,"b:14:27:14:31:14:31:14:Infinity":1,"s:16:2:16:Infinity":3,"s:17:2:17:Infinity":4,"s:19:2:19:Infinity":5,"f:25:16:25:32":1,"s:26:2:26:Infinity":6,"f:32:16:32:32":2,"s:33:2:33:Infinity":7}}}
,"D:\\Users\\naruechatbu\\Work\\__Personal__\\DashboardGpilot\\Frontend\\src\\shared\\utils\\index.ts": {"path":"D:\\Users\\naruechatbu\\Work\\__Personal__\\DashboardGpilot\\Frontend\\src\\shared\\utils\\index.ts","statementMap":{"0":{"start":{"line":5,"column":2},"end":{"line":5,"column":null}}},"fnMap":{"0":{"name":"cn","decl":{"start":{"line":4,"column":16},"end":{"line":4,"column":19}},"loc":{"start":{"line":4,"column":44},"end":{"line":5,"column":null}},"line":4}},"branchMap":{},"s":{"0":4},"f":{"0":4},"b":{},"meta":{"lastBranch":0,"lastFunction":1,"lastStatement":1,"seen":{"f:4:16:4:19":0,"s:5:2:5:Infinity":0}}}
,"D:\\Users\\naruechatbu\\Work\\__Personal__\\DashboardGpilot\\Frontend\\src\\shared\\utils\\logger.ts": {"path":"D:\\Users\\naruechatbu\\Work\\__Personal__\\DashboardGpilot\\Frontend\\src\\shared\\utils\\logger.ts","statementMap":{"0":{"start":{"line":16,"column":4},"end":{"line":16,"column":null}},"1":{"start":{"line":20,"column":22},"end":{"line":20,"column":46}},"2":{"start":{"line":21,"column":20},"end":{"line":27,"column":null}},"3":{"start":{"line":30,"column":4},"end":{"line":39,"column":null}},"4":{"start":{"line":31,"column":20},"end":{"line":31,"column":45}},"5":{"start":{"line":32,"column":6},"end":{"line":36,"column":null}},"6":{"start":{"line":39,"column":6},"end":{"line":39,"column":null}},"7":{"start":{"line":44,"column":4},"end":{"line":49,"column":null}},"8":{"start":{"line":45,"column":20},"end":{"line":45,"column":null}},"9":{"start":{"line":46,"column":20},"end":{"line":46,"column":null}},"10":{"start":{"line":47,"column":20},"end":{"line":47,"column":null}},"11":{"start":{"line":48,"column":20},"end":{"line":48,"column":null}},"12":{"start":{"line":49,"column":20},"end":{"line":49,"column":null}},"13":{"start":{"line":54,"column":4},"end":{"line":54,"column":null}},"14":{"start":{"line":58,"column":4},"end":{"line":58,"column":null}},"15":{"start":{"line":62,"column":4},"end":{"line":62,"column":null}},"16":{"start":{"line":66,"column":21},"end":{"line":66,"column":null}},"17":{"start":{"line":67,"column":18},"end":{"line":67,"column":null}},"18":{"start":{"line":69,"column":4},"end":{"line":73,"column":null}},"19":{"start":{"line":78,"column":22},"end":{"line":78,"column":44}},"20":{"start":{"line":81,"column":13},"end":{"line":81,"column":76}},"21":{"start":{"line":81,"column":53},"end":{"line":81,"column":76}}},"fnMap":{"0":{"name":"(anonymous_0)","decl":{"start":{"line":15,"column":2},"end":{"line":15,"column":14}},"loc":{"start":{"line":15,"column":31},"end":{"line":16,"column":null}},"line":15},"1":{"name":"(anonymous_1)","decl":{"start":{"line":19,"column":2},"end":{"line":19,"column":24}},"loc":{"start":{"line":19,"column":84},"end":{"line":39,"column":null}},"line":19},"2":{"name":"(anonymous_2)","decl":{"start":{"line":43,"column":2},"end":{"line":43,"column":24}},"loc":{"start":{"line":43,"column":49},"end":{"line":49,"column":null}},"line":43},"3":{"name":"(anonymous_3)","decl":{"start":{"line":53,"column":2},"end":{"line":53,"column":8}},"loc":{"start":{"line":53,"column":47},"end":{"line":54,"column":null}},"line":53},"4":{"name":"(anonymous_4)","decl":{"start":{"line":57,"column":2},"end":{"line":57,"column":7}},"loc":{"start":{"line":57,"column":46},"end":{"line":58,"column":null}},"line":57},"5":{"name":"(anonymous_5)","decl":{"start":{"line":61,"column":2},"end":{"line":61,"column":7}},"loc":{"start":{"line":61,"column":46},"end":{"line":62,"column":null}},"line":61},"6":{"name":"(anonymous_6)","decl":{"start":{"line":65,"column":2},"end":{"line":65,"column":8}},"loc":{"start":{"line":65,"column":71},"end":{"line":73,"column":null}},"line":65},"7":{"name":"(anonymous_7)","decl":{"start":{"line":81,"column":13},"end":{"line":81,"column":29}},"loc":{"start":{"line":81,"column":53},"end":{"line":81,"column":76}},"line":81}},"branchMap":{"0":{"loc":{"start":{"line":19,"column":58},"end":{"line":19,"column":82}},"type":"default-arg","locations":[{"start":{"line":19,"column":80},"end":{"line":19,"column":82}}],"line":19},"1":{"loc":{"start":{"line":30,"column":4},"end":{"line":39,"column":null}},"type":"if","locations":[{"start":{"line":30,"column":4},"end":{"line":39,"column":null}},{"start":{"line":37,"column":11},"end":{"line":39,"column":null}}],"line":30},"2":{"loc":{"start":{"line":44,"column":4},"end":{"line":49,"column":null}},"type":"switch","locations":[{"start":{"line":45,"column":6},"end":{"line":45,"column":null}},{"start":{"line":46,"column":6},"end":{"line":46,"column":null}},{"start":{"line":47,"column":6},"end":{"line":47,"column":null}},{"start":{"line":48,"column":6},"end":{"line":48,"column":null}},{"start":{"line":49,"column":6},"end":{"line":49,"column":null}}],"line":44},"3":{"loc":{"start":{"line":66,"column":21},"end":{"line":66,"column":null}},"type":"cond-expr","locations":[{"start":{"line":66,"column":46},"end":{"line":66,"column":63}},{"start":{"line":66,"column":63},"end":{"line":66,"column":null}}],"line":66},"4":{"loc":{"start":{"line":66,"column":63},"end":{"line":66,"column":null}},"type":"binary-expr","locations":[{"start":{"line":66,"column":63},"end":{"line":66,"column":72}},{"start":{"line":66,"column":72},"end":{"line":66,"column":null}}],"line":66},"5":{"loc":{"start":{"line":67,"column":18},"end":{"line":67,"column":null}},"type":"cond-expr","locations":[{"start":{"line":67,"column":43},"end":{"line":67,"column":57}},{"start":{"line":67,"column":57},"end":{"line":67,"column":null}}],"line":67}},"s":{"0":8,"1":19,"2":19,"3":19,"4":0,"5":0,"6":19,"7":0,"8":0,"9":0,"10":0,"11":0,"12":0,"13":0,"14":15,"15":0,"16":4,"17":4,"18":4,"19":4,"20":4,"21":4},"f":{"0":8,"1":19,"2":0,"3":0,"4":15,"5":0,"6":4,"7":4},"b":{"0":[19],"1":[0,19],"2":[0,0,0,0,0],"3":[3,1],"4":[1,1],"5":[3,1]},"meta":{"lastBranch":6,"lastFunction":8,"lastStatement":22,"seen":{"f:15:2:15:14":0,"s:16:4:16:Infinity":0,"f:19:2:19:24":1,"b:19:80:19:82":0,"s:20:22:20:46":1,"s:21:20:27:Infinity":2,"b:30:4:39:Infinity:37:11:39:Infinity":1,"s:30:4:39:Infinity":3,"s:31:20:31:45":4,"s:32:6:36:Infinity":5,"s:39:6:39:Infinity":6,"f:43:2:43:24":2,"b:45:6:45:Infinity:46:6:46:Infinity:47:6:47:Infinity:48:6:48:Infinity:49:6:49:Infinity":2,"s:44:4:49:Infinity":7,"s:45:20:45:Infinity":8,"s:46:20:46:Infinity":9,"s:47:20:47:Infinity":10,"s:48:20:48:Infinity":11,"s:49:20:49:Infinity":12,"f:53:2:53:8":3,"s:54:4:54:Infinity":13,"f:57:2:57:7":4,"s:58:4:58:Infinity":14,"f:61:2:61:7":5,"s:62:4:62:Infinity":15,"f:65:2:65:8":6,"s:66:21:66:Infinity":16,"b:66:46:66:63:66:63:66:Infinity":3,"b:66:63:66:72:66:72:66:Infinity":4,"s:67:18:67:Infinity":17,"b:67:43:67:57:67:57:67:Infinity":5,"s:69:4:73:Infinity":18,"s:78:22:78:44":19,"s:81:13:81:76":20,"f:81:13:81:29":7,"s:81:53:81:76":21}}}
}
